versions pytest-8.3.3, python-3.10.13.final.0
invocation_dir=/Users/leticiacolombo/PythonProjects/forecasting-promocional
cwd=/Users/leticiacolombo/PythonProjects/forecasting-promocional
args=('--debug',)

  pytest_cmdline_main [hook]
      config: <_pytest.config.Config object at 0x1011d89d0>
    pytest_plugin_registered [hook]
        plugin: <Session  exitstatus='<UNSET>' testsfailed=0 testscollected=0>
        plugin_name: session
        manager: <_pytest.config.PytestPluginManager object at 0x1003d9360>
    finish pytest_plugin_registered --> [] [hook]
    pytest_configure [hook]
        config: <_pytest.config.Config object at 0x1011d89d0>
      pytest_plugin_registered [hook]
          plugin: <_pytest.cacheprovider.LFPlugin object at 0x101298ee0>
          plugin_name: lfplugin
          manager: <_pytest.config.PytestPluginManager object at 0x1003d9360>
      finish pytest_plugin_registered --> [] [hook]
      pytest_plugin_registered [hook]
          plugin: <_pytest.cacheprovider.NFPlugin object at 0x10129bd00>
          plugin_name: nfplugin
          manager: <_pytest.config.PytestPluginManager object at 0x1003d9360>
      finish pytest_plugin_registered --> [] [hook]
    early skip of rewriting module: faulthandler [assertion]
      pytest_plugin_registered [hook]
          plugin: <class '_pytest.legacypath.LegacyTmpdirPlugin'>
          plugin_name: legacypath-tmpdir
          manager: <_pytest.config.PytestPluginManager object at 0x1003d9360>
      finish pytest_plugin_registered --> [] [hook]
    early skip of rewriting module: pdb [assertion]
    early skip of rewriting module: cmd [assertion]
    early skip of rewriting module: code [assertion]
    early skip of rewriting module: codeop [assertion]
      pytest_plugin_registered [hook]
          plugin: <_pytest.config.PytestPluginManager object at 0x1003d9360>
          plugin_name: 4299002720
          manager: <_pytest.config.PytestPluginManager object at 0x1003d9360>
      finish pytest_plugin_registered --> [] [hook]
      pytest_plugin_registered [hook]
          plugin: <_pytest.config.Config object at 0x1011d89d0>
          plugin_name: pytestconfig
          manager: <_pytest.config.PytestPluginManager object at 0x1003d9360>
      finish pytest_plugin_registered --> [] [hook]
      pytest_plugin_registered [hook]
          plugin: <module '_pytest.mark' from '/Users/leticiacolombo/PythonProjects/forecasting-promocional/.venv/lib/python3.10/site-packages/_pytest/mark/__init__.py'>
          plugin_name: mark
          manager: <_pytest.config.PytestPluginManager object at 0x1003d9360>
      finish pytest_plugin_registered --> [] [hook]
      pytest_plugin_registered [hook]
          plugin: <module '_pytest.main' from '/Users/leticiacolombo/PythonProjects/forecasting-promocional/.venv/lib/python3.10/site-packages/_pytest/main.py'>
          plugin_name: main
          manager: <_pytest.config.PytestPluginManager object at 0x1003d9360>
      finish pytest_plugin_registered --> [] [hook]
      pytest_plugin_registered [hook]
          plugin: <module '_pytest.runner' from '/Users/leticiacolombo/PythonProjects/forecasting-promocional/.venv/lib/python3.10/site-packages/_pytest/runner.py'>
          plugin_name: runner
          manager: <_pytest.config.PytestPluginManager object at 0x1003d9360>
      finish pytest_plugin_registered --> [] [hook]
      pytest_plugin_registered [hook]
          plugin: <module '_pytest.fixtures' from '/Users/leticiacolombo/PythonProjects/forecasting-promocional/.venv/lib/python3.10/site-packages/_pytest/fixtures.py'>
          plugin_name: fixtures
          manager: <_pytest.config.PytestPluginManager object at 0x1003d9360>
      finish pytest_plugin_registered --> [] [hook]
      pytest_plugin_registered [hook]
          plugin: <module '_pytest.helpconfig' from '/Users/leticiacolombo/PythonProjects/forecasting-promocional/.venv/lib/python3.10/site-packages/_pytest/helpconfig.py'>
          plugin_name: helpconfig
          manager: <_pytest.config.PytestPluginManager object at 0x1003d9360>
      finish pytest_plugin_registered --> [] [hook]
      pytest_plugin_registered [hook]
          plugin: <module '_pytest.python' from '/Users/leticiacolombo/PythonProjects/forecasting-promocional/.venv/lib/python3.10/site-packages/_pytest/python.py'>
          plugin_name: python
          manager: <_pytest.config.PytestPluginManager object at 0x1003d9360>
      finish pytest_plugin_registered --> [] [hook]
      pytest_plugin_registered [hook]
          plugin: <module '_pytest.terminal' from '/Users/leticiacolombo/PythonProjects/forecasting-promocional/.venv/lib/python3.10/site-packages/_pytest/terminal.py'>
          plugin_name: terminal
          manager: <_pytest.config.PytestPluginManager object at 0x1003d9360>
      finish pytest_plugin_registered --> [] [hook]
      pytest_plugin_registered [hook]
          plugin: <module '_pytest.debugging' from '/Users/leticiacolombo/PythonProjects/forecasting-promocional/.venv/lib/python3.10/site-packages/_pytest/debugging.py'>
          plugin_name: debugging
          manager: <_pytest.config.PytestPluginManager object at 0x1003d9360>
      finish pytest_plugin_registered --> [] [hook]
      pytest_plugin_registered [hook]
          plugin: <module '_pytest.unittest' from '/Users/leticiacolombo/PythonProjects/forecasting-promocional/.venv/lib/python3.10/site-packages/_pytest/unittest.py'>
          plugin_name: unittest
          manager: <_pytest.config.PytestPluginManager object at 0x1003d9360>
      finish pytest_plugin_registered --> [] [hook]
      pytest_plugin_registered [hook]
          plugin: <module '_pytest.capture' from '/Users/leticiacolombo/PythonProjects/forecasting-promocional/.venv/lib/python3.10/site-packages/_pytest/capture.py'>
          plugin_name: capture
          manager: <_pytest.config.PytestPluginManager object at 0x1003d9360>
      finish pytest_plugin_registered --> [] [hook]
      pytest_plugin_registered [hook]
          plugin: <module '_pytest.skipping' from '/Users/leticiacolombo/PythonProjects/forecasting-promocional/.venv/lib/python3.10/site-packages/_pytest/skipping.py'>
          plugin_name: skipping
          manager: <_pytest.config.PytestPluginManager object at 0x1003d9360>
      finish pytest_plugin_registered --> [] [hook]
      pytest_plugin_registered [hook]
          plugin: <module '_pytest.legacypath' from '/Users/leticiacolombo/PythonProjects/forecasting-promocional/.venv/lib/python3.10/site-packages/_pytest/legacypath.py'>
          plugin_name: legacypath
          manager: <_pytest.config.PytestPluginManager object at 0x1003d9360>
      finish pytest_plugin_registered --> [] [hook]
      pytest_plugin_registered [hook]
          plugin: <module '_pytest.tmpdir' from '/Users/leticiacolombo/PythonProjects/forecasting-promocional/.venv/lib/python3.10/site-packages/_pytest/tmpdir.py'>
          plugin_name: tmpdir
          manager: <_pytest.config.PytestPluginManager object at 0x1003d9360>
      finish pytest_plugin_registered --> [] [hook]
      pytest_plugin_registered [hook]
          plugin: <module '_pytest.monkeypatch' from '/Users/leticiacolombo/PythonProjects/forecasting-promocional/.venv/lib/python3.10/site-packages/_pytest/monkeypatch.py'>
          plugin_name: monkeypatch
          manager: <_pytest.config.PytestPluginManager object at 0x1003d9360>
      finish pytest_plugin_registered --> [] [hook]
      pytest_plugin_registered [hook]
          plugin: <module '_pytest.recwarn' from '/Users/leticiacolombo/PythonProjects/forecasting-promocional/.venv/lib/python3.10/site-packages/_pytest/recwarn.py'>
          plugin_name: recwarn
          manager: <_pytest.config.PytestPluginManager object at 0x1003d9360>
      finish pytest_plugin_registered --> [] [hook]
      pytest_plugin_registered [hook]
          plugin: <module '_pytest.pastebin' from '/Users/leticiacolombo/PythonProjects/forecasting-promocional/.venv/lib/python3.10/site-packages/_pytest/pastebin.py'>
          plugin_name: pastebin
          manager: <_pytest.config.PytestPluginManager object at 0x1003d9360>
      finish pytest_plugin_registered --> [] [hook]
      pytest_plugin_registered [hook]
          plugin: <module '_pytest.assertion' from '/Users/leticiacolombo/PythonProjects/forecasting-promocional/.venv/lib/python3.10/site-packages/_pytest/assertion/__init__.py'>
          plugin_name: assertion
          manager: <_pytest.config.PytestPluginManager object at 0x1003d9360>
      finish pytest_plugin_registered --> [] [hook]
      pytest_plugin_registered [hook]
          plugin: <module '_pytest.junitxml' from '/Users/leticiacolombo/PythonProjects/forecasting-promocional/.venv/lib/python3.10/site-packages/_pytest/junitxml.py'>
          plugin_name: junitxml
          manager: <_pytest.config.PytestPluginManager object at 0x1003d9360>
      finish pytest_plugin_registered --> [] [hook]
      pytest_plugin_registered [hook]
          plugin: <module '_pytest.doctest' from '/Users/leticiacolombo/PythonProjects/forecasting-promocional/.venv/lib/python3.10/site-packages/_pytest/doctest.py'>
          plugin_name: doctest
          manager: <_pytest.config.PytestPluginManager object at 0x1003d9360>
      finish pytest_plugin_registered --> [] [hook]
      pytest_plugin_registered [hook]
          plugin: <module '_pytest.cacheprovider' from '/Users/leticiacolombo/PythonProjects/forecasting-promocional/.venv/lib/python3.10/site-packages/_pytest/cacheprovider.py'>
          plugin_name: cacheprovider
          manager: <_pytest.config.PytestPluginManager object at 0x1003d9360>
      finish pytest_plugin_registered --> [] [hook]
      pytest_plugin_registered [hook]
          plugin: <module '_pytest.freeze_support' from '/Users/leticiacolombo/PythonProjects/forecasting-promocional/.venv/lib/python3.10/site-packages/_pytest/freeze_support.py'>
          plugin_name: freeze_support
          manager: <_pytest.config.PytestPluginManager object at 0x1003d9360>
      finish pytest_plugin_registered --> [] [hook]
      pytest_plugin_registered [hook]
          plugin: <module '_pytest.setuponly' from '/Users/leticiacolombo/PythonProjects/forecasting-promocional/.venv/lib/python3.10/site-packages/_pytest/setuponly.py'>
          plugin_name: setuponly
          manager: <_pytest.config.PytestPluginManager object at 0x1003d9360>
      finish pytest_plugin_registered --> [] [hook]
      pytest_plugin_registered [hook]
          plugin: <module '_pytest.setupplan' from '/Users/leticiacolombo/PythonProjects/forecasting-promocional/.venv/lib/python3.10/site-packages/_pytest/setupplan.py'>
          plugin_name: setupplan
          manager: <_pytest.config.PytestPluginManager object at 0x1003d9360>
      finish pytest_plugin_registered --> [] [hook]
      pytest_plugin_registered [hook]
          plugin: <module '_pytest.stepwise' from '/Users/leticiacolombo/PythonProjects/forecasting-promocional/.venv/lib/python3.10/site-packages/_pytest/stepwise.py'>
          plugin_name: stepwise
          manager: <_pytest.config.PytestPluginManager object at 0x1003d9360>
      finish pytest_plugin_registered --> [] [hook]
      pytest_plugin_registered [hook]
          plugin: <module '_pytest.warnings' from '/Users/leticiacolombo/PythonProjects/forecasting-promocional/.venv/lib/python3.10/site-packages/_pytest/warnings.py'>
          plugin_name: warnings
          manager: <_pytest.config.PytestPluginManager object at 0x1003d9360>
      finish pytest_plugin_registered --> [] [hook]
      pytest_plugin_registered [hook]
          plugin: <module '_pytest.logging' from '/Users/leticiacolombo/PythonProjects/forecasting-promocional/.venv/lib/python3.10/site-packages/_pytest/logging.py'>
          plugin_name: logging
          manager: <_pytest.config.PytestPluginManager object at 0x1003d9360>
      finish pytest_plugin_registered --> [] [hook]
      pytest_plugin_registered [hook]
          plugin: <module '_pytest.reports' from '/Users/leticiacolombo/PythonProjects/forecasting-promocional/.venv/lib/python3.10/site-packages/_pytest/reports.py'>
          plugin_name: reports
          manager: <_pytest.config.PytestPluginManager object at 0x1003d9360>
      finish pytest_plugin_registered --> [] [hook]
      pytest_plugin_registered [hook]
          plugin: <module '_pytest.python_path' from '/Users/leticiacolombo/PythonProjects/forecasting-promocional/.venv/lib/python3.10/site-packages/_pytest/python_path.py'>
          plugin_name: python_path
          manager: <_pytest.config.PytestPluginManager object at 0x1003d9360>
      finish pytest_plugin_registered --> [] [hook]
      pytest_plugin_registered [hook]
          plugin: <module '_pytest.unraisableexception' from '/Users/leticiacolombo/PythonProjects/forecasting-promocional/.venv/lib/python3.10/site-packages/_pytest/unraisableexception.py'>
          plugin_name: unraisableexception
          manager: <_pytest.config.PytestPluginManager object at 0x1003d9360>
      finish pytest_plugin_registered --> [] [hook]
      pytest_plugin_registered [hook]
          plugin: <module '_pytest.threadexception' from '/Users/leticiacolombo/PythonProjects/forecasting-promocional/.venv/lib/python3.10/site-packages/_pytest/threadexception.py'>
          plugin_name: threadexception
          manager: <_pytest.config.PytestPluginManager object at 0x1003d9360>
      finish pytest_plugin_registered --> [] [hook]
      pytest_plugin_registered [hook]
          plugin: <module '_pytest.faulthandler' from '/Users/leticiacolombo/PythonProjects/forecasting-promocional/.venv/lib/python3.10/site-packages/_pytest/faulthandler.py'>
          plugin_name: faulthandler
          manager: <_pytest.config.PytestPluginManager object at 0x1003d9360>
      finish pytest_plugin_registered --> [] [hook]
      pytest_plugin_registered [hook]
          plugin: <CaptureManager _method='fd' _global_capturing=<MultiCapture out=<FDCapture 1 oldfd=5 _state='suspended' tmpfile=<_io.TextIOWrapper name="<_io.FileIO name=6 mode='rb+' closefd=True>" mode='r+' encoding='utf-8'>> err=<FDCapture 2 oldfd=7 _state='suspended' tmpfile=<_io.TextIOWrapper name="<_io.FileIO name=8 mode='rb+' closefd=True>" mode='r+' encoding='utf-8'>> in_=<FDCapture 0 oldfd=3 _state='started' tmpfile=<_io.TextIOWrapper name='/dev/null' mode='r' encoding='utf-8'>> _state='suspended' _in_suspended=False> _capture_fixture=None>
          plugin_name: capturemanager
          manager: <_pytest.config.PytestPluginManager object at 0x1003d9360>
      finish pytest_plugin_registered --> [] [hook]
      pytest_plugin_registered [hook]
          plugin: <Session  exitstatus=<ExitCode.OK: 0> testsfailed=0 testscollected=0>
          plugin_name: session
          manager: <_pytest.config.PytestPluginManager object at 0x1003d9360>
      finish pytest_plugin_registered --> [] [hook]
      pytest_plugin_registered [hook]
          plugin: <_pytest.cacheprovider.LFPlugin object at 0x101298ee0>
          plugin_name: lfplugin
          manager: <_pytest.config.PytestPluginManager object at 0x1003d9360>
      finish pytest_plugin_registered --> [] [hook]
      pytest_plugin_registered [hook]
          plugin: <_pytest.cacheprovider.NFPlugin object at 0x10129bd00>
          plugin_name: nfplugin
          manager: <_pytest.config.PytestPluginManager object at 0x1003d9360>
      finish pytest_plugin_registered --> [] [hook]
      pytest_plugin_registered [hook]
          plugin: <class '_pytest.legacypath.LegacyTmpdirPlugin'>
          plugin_name: legacypath-tmpdir
          manager: <_pytest.config.PytestPluginManager object at 0x1003d9360>
      finish pytest_plugin_registered --> [] [hook]
      pytest_plugin_registered [hook]
          plugin: <_pytest.terminal.TerminalReporter object at 0x101299e10>
          plugin_name: terminalreporter
          manager: <_pytest.config.PytestPluginManager object at 0x1003d9360>
      finish pytest_plugin_registered --> [] [hook]
      pytest_plugin_registered [hook]
          plugin: <_pytest.logging.LoggingPlugin object at 0x101298700>
          plugin_name: logging-plugin
          manager: <_pytest.config.PytestPluginManager object at 0x1003d9360>
      finish pytest_plugin_registered --> [] [hook]
    finish pytest_configure --> [] [hook]
    pytest_sessionstart [hook]
        session: <Session  exitstatus=<ExitCode.OK: 0> testsfailed=0 testscollected=0>
      pytest_plugin_registered [hook]
          plugin: <_pytest.config.PytestPluginManager object at 0x1003d9360>
          plugin_name: 4299002720
          manager: <_pytest.config.PytestPluginManager object at 0x1003d9360>
      finish pytest_plugin_registered --> [] [hook]
      pytest_plugin_registered [hook]
          plugin: <_pytest.config.Config object at 0x1011d89d0>
          plugin_name: pytestconfig
          manager: <_pytest.config.PytestPluginManager object at 0x1003d9360>
      finish pytest_plugin_registered --> [] [hook]
      pytest_plugin_registered [hook]
          plugin: <module '_pytest.mark' from '/Users/leticiacolombo/PythonProjects/forecasting-promocional/.venv/lib/python3.10/site-packages/_pytest/mark/__init__.py'>
          plugin_name: mark
          manager: <_pytest.config.PytestPluginManager object at 0x1003d9360>
      finish pytest_plugin_registered --> [] [hook]
      pytest_plugin_registered [hook]
          plugin: <module '_pytest.main' from '/Users/leticiacolombo/PythonProjects/forecasting-promocional/.venv/lib/python3.10/site-packages/_pytest/main.py'>
          plugin_name: main
          manager: <_pytest.config.PytestPluginManager object at 0x1003d9360>
      finish pytest_plugin_registered --> [] [hook]
      pytest_plugin_registered [hook]
          plugin: <module '_pytest.runner' from '/Users/leticiacolombo/PythonProjects/forecasting-promocional/.venv/lib/python3.10/site-packages/_pytest/runner.py'>
          plugin_name: runner
          manager: <_pytest.config.PytestPluginManager object at 0x1003d9360>
      finish pytest_plugin_registered --> [] [hook]
      pytest_plugin_registered [hook]
          plugin: <module '_pytest.fixtures' from '/Users/leticiacolombo/PythonProjects/forecasting-promocional/.venv/lib/python3.10/site-packages/_pytest/fixtures.py'>
          plugin_name: fixtures
          manager: <_pytest.config.PytestPluginManager object at 0x1003d9360>
      finish pytest_plugin_registered --> [] [hook]
      pytest_plugin_registered [hook]
          plugin: <module '_pytest.helpconfig' from '/Users/leticiacolombo/PythonProjects/forecasting-promocional/.venv/lib/python3.10/site-packages/_pytest/helpconfig.py'>
          plugin_name: helpconfig
          manager: <_pytest.config.PytestPluginManager object at 0x1003d9360>
      finish pytest_plugin_registered --> [] [hook]
      pytest_plugin_registered [hook]
          plugin: <module '_pytest.python' from '/Users/leticiacolombo/PythonProjects/forecasting-promocional/.venv/lib/python3.10/site-packages/_pytest/python.py'>
          plugin_name: python
          manager: <_pytest.config.PytestPluginManager object at 0x1003d9360>
      finish pytest_plugin_registered --> [] [hook]
      pytest_plugin_registered [hook]
          plugin: <module '_pytest.terminal' from '/Users/leticiacolombo/PythonProjects/forecasting-promocional/.venv/lib/python3.10/site-packages/_pytest/terminal.py'>
          plugin_name: terminal
          manager: <_pytest.config.PytestPluginManager object at 0x1003d9360>
      finish pytest_plugin_registered --> [] [hook]
      pytest_plugin_registered [hook]
          plugin: <module '_pytest.debugging' from '/Users/leticiacolombo/PythonProjects/forecasting-promocional/.venv/lib/python3.10/site-packages/_pytest/debugging.py'>
          plugin_name: debugging
          manager: <_pytest.config.PytestPluginManager object at 0x1003d9360>
      finish pytest_plugin_registered --> [] [hook]
      pytest_plugin_registered [hook]
          plugin: <module '_pytest.unittest' from '/Users/leticiacolombo/PythonProjects/forecasting-promocional/.venv/lib/python3.10/site-packages/_pytest/unittest.py'>
          plugin_name: unittest
          manager: <_pytest.config.PytestPluginManager object at 0x1003d9360>
      finish pytest_plugin_registered --> [] [hook]
      pytest_plugin_registered [hook]
          plugin: <module '_pytest.capture' from '/Users/leticiacolombo/PythonProjects/forecasting-promocional/.venv/lib/python3.10/site-packages/_pytest/capture.py'>
          plugin_name: capture
          manager: <_pytest.config.PytestPluginManager object at 0x1003d9360>
      finish pytest_plugin_registered --> [] [hook]
      pytest_plugin_registered [hook]
          plugin: <module '_pytest.skipping' from '/Users/leticiacolombo/PythonProjects/forecasting-promocional/.venv/lib/python3.10/site-packages/_pytest/skipping.py'>
          plugin_name: skipping
          manager: <_pytest.config.PytestPluginManager object at 0x1003d9360>
      finish pytest_plugin_registered --> [] [hook]
      pytest_plugin_registered [hook]
          plugin: <module '_pytest.legacypath' from '/Users/leticiacolombo/PythonProjects/forecasting-promocional/.venv/lib/python3.10/site-packages/_pytest/legacypath.py'>
          plugin_name: legacypath
          manager: <_pytest.config.PytestPluginManager object at 0x1003d9360>
      finish pytest_plugin_registered --> [] [hook]
      pytest_plugin_registered [hook]
          plugin: <module '_pytest.tmpdir' from '/Users/leticiacolombo/PythonProjects/forecasting-promocional/.venv/lib/python3.10/site-packages/_pytest/tmpdir.py'>
          plugin_name: tmpdir
          manager: <_pytest.config.PytestPluginManager object at 0x1003d9360>
      finish pytest_plugin_registered --> [] [hook]
      pytest_plugin_registered [hook]
          plugin: <module '_pytest.monkeypatch' from '/Users/leticiacolombo/PythonProjects/forecasting-promocional/.venv/lib/python3.10/site-packages/_pytest/monkeypatch.py'>
          plugin_name: monkeypatch
          manager: <_pytest.config.PytestPluginManager object at 0x1003d9360>
      finish pytest_plugin_registered --> [] [hook]
      pytest_plugin_registered [hook]
          plugin: <module '_pytest.recwarn' from '/Users/leticiacolombo/PythonProjects/forecasting-promocional/.venv/lib/python3.10/site-packages/_pytest/recwarn.py'>
          plugin_name: recwarn
          manager: <_pytest.config.PytestPluginManager object at 0x1003d9360>
      finish pytest_plugin_registered --> [] [hook]
      pytest_plugin_registered [hook]
          plugin: <module '_pytest.pastebin' from '/Users/leticiacolombo/PythonProjects/forecasting-promocional/.venv/lib/python3.10/site-packages/_pytest/pastebin.py'>
          plugin_name: pastebin
          manager: <_pytest.config.PytestPluginManager object at 0x1003d9360>
      finish pytest_plugin_registered --> [] [hook]
      pytest_plugin_registered [hook]
          plugin: <module '_pytest.assertion' from '/Users/leticiacolombo/PythonProjects/forecasting-promocional/.venv/lib/python3.10/site-packages/_pytest/assertion/__init__.py'>
          plugin_name: assertion
          manager: <_pytest.config.PytestPluginManager object at 0x1003d9360>
      finish pytest_plugin_registered --> [] [hook]
      pytest_plugin_registered [hook]
          plugin: <module '_pytest.junitxml' from '/Users/leticiacolombo/PythonProjects/forecasting-promocional/.venv/lib/python3.10/site-packages/_pytest/junitxml.py'>
          plugin_name: junitxml
          manager: <_pytest.config.PytestPluginManager object at 0x1003d9360>
      finish pytest_plugin_registered --> [] [hook]
      pytest_plugin_registered [hook]
          plugin: <module '_pytest.doctest' from '/Users/leticiacolombo/PythonProjects/forecasting-promocional/.venv/lib/python3.10/site-packages/_pytest/doctest.py'>
          plugin_name: doctest
          manager: <_pytest.config.PytestPluginManager object at 0x1003d9360>
      finish pytest_plugin_registered --> [] [hook]
      pytest_plugin_registered [hook]
          plugin: <module '_pytest.cacheprovider' from '/Users/leticiacolombo/PythonProjects/forecasting-promocional/.venv/lib/python3.10/site-packages/_pytest/cacheprovider.py'>
          plugin_name: cacheprovider
          manager: <_pytest.config.PytestPluginManager object at 0x1003d9360>
      finish pytest_plugin_registered --> [] [hook]
      pytest_plugin_registered [hook]
          plugin: <module '_pytest.freeze_support' from '/Users/leticiacolombo/PythonProjects/forecasting-promocional/.venv/lib/python3.10/site-packages/_pytest/freeze_support.py'>
          plugin_name: freeze_support
          manager: <_pytest.config.PytestPluginManager object at 0x1003d9360>
      finish pytest_plugin_registered --> [] [hook]
      pytest_plugin_registered [hook]
          plugin: <module '_pytest.setuponly' from '/Users/leticiacolombo/PythonProjects/forecasting-promocional/.venv/lib/python3.10/site-packages/_pytest/setuponly.py'>
          plugin_name: setuponly
          manager: <_pytest.config.PytestPluginManager object at 0x1003d9360>
      finish pytest_plugin_registered --> [] [hook]
      pytest_plugin_registered [hook]
          plugin: <module '_pytest.setupplan' from '/Users/leticiacolombo/PythonProjects/forecasting-promocional/.venv/lib/python3.10/site-packages/_pytest/setupplan.py'>
          plugin_name: setupplan
          manager: <_pytest.config.PytestPluginManager object at 0x1003d9360>
      finish pytest_plugin_registered --> [] [hook]
      pytest_plugin_registered [hook]
          plugin: <module '_pytest.stepwise' from '/Users/leticiacolombo/PythonProjects/forecasting-promocional/.venv/lib/python3.10/site-packages/_pytest/stepwise.py'>
          plugin_name: stepwise
          manager: <_pytest.config.PytestPluginManager object at 0x1003d9360>
      finish pytest_plugin_registered --> [] [hook]
      pytest_plugin_registered [hook]
          plugin: <module '_pytest.warnings' from '/Users/leticiacolombo/PythonProjects/forecasting-promocional/.venv/lib/python3.10/site-packages/_pytest/warnings.py'>
          plugin_name: warnings
          manager: <_pytest.config.PytestPluginManager object at 0x1003d9360>
      finish pytest_plugin_registered --> [] [hook]
      pytest_plugin_registered [hook]
          plugin: <module '_pytest.logging' from '/Users/leticiacolombo/PythonProjects/forecasting-promocional/.venv/lib/python3.10/site-packages/_pytest/logging.py'>
          plugin_name: logging
          manager: <_pytest.config.PytestPluginManager object at 0x1003d9360>
      finish pytest_plugin_registered --> [] [hook]
      pytest_plugin_registered [hook]
          plugin: <module '_pytest.reports' from '/Users/leticiacolombo/PythonProjects/forecasting-promocional/.venv/lib/python3.10/site-packages/_pytest/reports.py'>
          plugin_name: reports
          manager: <_pytest.config.PytestPluginManager object at 0x1003d9360>
      finish pytest_plugin_registered --> [] [hook]
      pytest_plugin_registered [hook]
          plugin: <module '_pytest.python_path' from '/Users/leticiacolombo/PythonProjects/forecasting-promocional/.venv/lib/python3.10/site-packages/_pytest/python_path.py'>
          plugin_name: python_path
          manager: <_pytest.config.PytestPluginManager object at 0x1003d9360>
      finish pytest_plugin_registered --> [] [hook]
      pytest_plugin_registered [hook]
          plugin: <module '_pytest.unraisableexception' from '/Users/leticiacolombo/PythonProjects/forecasting-promocional/.venv/lib/python3.10/site-packages/_pytest/unraisableexception.py'>
          plugin_name: unraisableexception
          manager: <_pytest.config.PytestPluginManager object at 0x1003d9360>
      finish pytest_plugin_registered --> [] [hook]
      pytest_plugin_registered [hook]
          plugin: <module '_pytest.threadexception' from '/Users/leticiacolombo/PythonProjects/forecasting-promocional/.venv/lib/python3.10/site-packages/_pytest/threadexception.py'>
          plugin_name: threadexception
          manager: <_pytest.config.PytestPluginManager object at 0x1003d9360>
      finish pytest_plugin_registered --> [] [hook]
      pytest_plugin_registered [hook]
          plugin: <module '_pytest.faulthandler' from '/Users/leticiacolombo/PythonProjects/forecasting-promocional/.venv/lib/python3.10/site-packages/_pytest/faulthandler.py'>
          plugin_name: faulthandler
          manager: <_pytest.config.PytestPluginManager object at 0x1003d9360>
      finish pytest_plugin_registered --> [] [hook]
      pytest_plugin_registered [hook]
          plugin: <CaptureManager _method='fd' _global_capturing=<MultiCapture out=<FDCapture 1 oldfd=5 _state='suspended' tmpfile=<_io.TextIOWrapper name="<_io.FileIO name=6 mode='rb+' closefd=True>" mode='r+' encoding='utf-8'>> err=<FDCapture 2 oldfd=7 _state='suspended' tmpfile=<_io.TextIOWrapper name="<_io.FileIO name=8 mode='rb+' closefd=True>" mode='r+' encoding='utf-8'>> in_=<FDCapture 0 oldfd=3 _state='started' tmpfile=<_io.TextIOWrapper name='/dev/null' mode='r' encoding='utf-8'>> _state='suspended' _in_suspended=False> _capture_fixture=None>
          plugin_name: capturemanager
          manager: <_pytest.config.PytestPluginManager object at 0x1003d9360>
      finish pytest_plugin_registered --> [] [hook]
      pytest_plugin_registered [hook]
          plugin: <Session  exitstatus=<ExitCode.OK: 0> testsfailed=0 testscollected=0>
          plugin_name: session
          manager: <_pytest.config.PytestPluginManager object at 0x1003d9360>
      finish pytest_plugin_registered --> [] [hook]
      pytest_plugin_registered [hook]
          plugin: <_pytest.cacheprovider.LFPlugin object at 0x101298ee0>
          plugin_name: lfplugin
          manager: <_pytest.config.PytestPluginManager object at 0x1003d9360>
      finish pytest_plugin_registered --> [] [hook]
      pytest_plugin_registered [hook]
          plugin: <_pytest.cacheprovider.NFPlugin object at 0x10129bd00>
          plugin_name: nfplugin
          manager: <_pytest.config.PytestPluginManager object at 0x1003d9360>
      finish pytest_plugin_registered --> [] [hook]
      pytest_plugin_registered [hook]
          plugin: <class '_pytest.legacypath.LegacyTmpdirPlugin'>
          plugin_name: legacypath-tmpdir
          manager: <_pytest.config.PytestPluginManager object at 0x1003d9360>
      finish pytest_plugin_registered --> [] [hook]
      pytest_plugin_registered [hook]
          plugin: <_pytest.terminal.TerminalReporter object at 0x101299e10>
          plugin_name: terminalreporter
          manager: <_pytest.config.PytestPluginManager object at 0x1003d9360>
      finish pytest_plugin_registered --> [] [hook]
      pytest_plugin_registered [hook]
          plugin: <_pytest.logging.LoggingPlugin object at 0x101298700>
          plugin_name: logging-plugin
          manager: <_pytest.config.PytestPluginManager object at 0x1003d9360>
      finish pytest_plugin_registered --> [] [hook]
      pytest_plugin_registered [hook]
          plugin: <_pytest.fixtures.FixtureManager object at 0x10129b3d0>
          plugin_name: funcmanage
          manager: <_pytest.config.PytestPluginManager object at 0x1003d9360>
      finish pytest_plugin_registered --> [] [hook]
      pytest_report_header [hook]
          config: <_pytest.config.Config object at 0x1011d89d0>
          start_path: /Users/leticiacolombo/PythonProjects/forecasting-promocional
          startdir: /Users/leticiacolombo/PythonProjects/forecasting-promocional
      finish pytest_report_header --> [['rootdir: /Users/leticiacolombo/PythonProjects/forecasting-promocional', 'configfile: pyproject.toml'], ['using: pytest-8.3.3']] [hook]
    finish pytest_sessionstart --> [] [hook]
    pytest_collection [hook]
        session: <Session  exitstatus=<ExitCode.OK: 0> testsfailed=0 testscollected=0>
    perform_collect <Session  exitstatus=<ExitCode.OK: 0> testsfailed=0 testscollected=0> ['/Users/leticiacolombo/PythonProjects/forecasting-promocional'] [collection]
        pytest_collectstart [hook]
            collector: <Session  exitstatus=<ExitCode.OK: 0> testsfailed=0 testscollected=0>
        finish pytest_collectstart --> [] [hook]
        pytest_make_collect_report [hook]
            collector: <Session  exitstatus=<ExitCode.OK: 0> testsfailed=0 testscollected=0>
        processing argument CollectionArgument(path=PosixPath('/Users/leticiacolombo/PythonProjects/forecasting-promocional'), parts=[], module_name=None) [collection]
            pytest_collect_directory [hook]
                path: /Users/leticiacolombo/PythonProjects/forecasting-promocional
                parent: <Session  exitstatus=<ExitCode.OK: 0> testsfailed=0 testscollected=0>
            finish pytest_collect_directory --> <Dir forecasting-promocional> [hook]
        finish pytest_make_collect_report --> <CollectReport '' lenresult=1 outcome='passed'> [hook]
        pytest_collectreport [hook]
            report: <CollectReport '' lenresult=1 outcome='passed'>
        finish pytest_collectreport --> [] [hook]
    genitems <Dir forecasting-promocional> [collection]
      pytest_collectstart [hook]
          collector: <Dir forecasting-promocional>
      finish pytest_collectstart --> [] [hook]
      pytest_make_collect_report [hook]
          collector: <Dir forecasting-promocional>
        pytest_ignore_collect [hook]
            config: <_pytest.config.Config object at 0x1011d89d0>
            collection_path: /Users/leticiacolombo/PythonProjects/forecasting-promocional/.DS_Store
            path: /Users/leticiacolombo/PythonProjects/forecasting-promocional/.DS_Store
        finish pytest_ignore_collect --> None [hook]
        pytest_collect_file [hook]
            parent: <Dir forecasting-promocional>
            file_path: /Users/leticiacolombo/PythonProjects/forecasting-promocional/.DS_Store
            path: /Users/leticiacolombo/PythonProjects/forecasting-promocional/.DS_Store
        finish pytest_collect_file --> [] [hook]
        pytest_ignore_collect [hook]
            config: <_pytest.config.Config object at 0x1011d89d0>
            collection_path: /Users/leticiacolombo/PythonProjects/forecasting-promocional/.databricks
            path: /Users/leticiacolombo/PythonProjects/forecasting-promocional/.databricks
        finish pytest_ignore_collect --> True [hook]
        pytest_ignore_collect [hook]
            config: <_pytest.config.Config object at 0x1011d89d0>
            collection_path: /Users/leticiacolombo/PythonProjects/forecasting-promocional/.env
            path: /Users/leticiacolombo/PythonProjects/forecasting-promocional/.env
        finish pytest_ignore_collect --> None [hook]
        pytest_collect_file [hook]
            parent: <Dir forecasting-promocional>
            file_path: /Users/leticiacolombo/PythonProjects/forecasting-promocional/.env
            path: /Users/leticiacolombo/PythonProjects/forecasting-promocional/.env
        finish pytest_collect_file --> [] [hook]
        pytest_ignore_collect [hook]
            config: <_pytest.config.Config object at 0x1011d89d0>
            collection_path: /Users/leticiacolombo/PythonProjects/forecasting-promocional/.git
            path: /Users/leticiacolombo/PythonProjects/forecasting-promocional/.git
        finish pytest_ignore_collect --> True [hook]
        pytest_ignore_collect [hook]
            config: <_pytest.config.Config object at 0x1011d89d0>
            collection_path: /Users/leticiacolombo/PythonProjects/forecasting-promocional/.gitignore
            path: /Users/leticiacolombo/PythonProjects/forecasting-promocional/.gitignore
        finish pytest_ignore_collect --> None [hook]
        pytest_collect_file [hook]
            parent: <Dir forecasting-promocional>
            file_path: /Users/leticiacolombo/PythonProjects/forecasting-promocional/.gitignore
            path: /Users/leticiacolombo/PythonProjects/forecasting-promocional/.gitignore
        finish pytest_collect_file --> [] [hook]
        pytest_ignore_collect [hook]
            config: <_pytest.config.Config object at 0x1011d89d0>
            collection_path: /Users/leticiacolombo/PythonProjects/forecasting-promocional/.pre-commit-config.yaml
            path: /Users/leticiacolombo/PythonProjects/forecasting-promocional/.pre-commit-config.yaml
        finish pytest_ignore_collect --> None [hook]
        pytest_collect_file [hook]
            parent: <Dir forecasting-promocional>
            file_path: /Users/leticiacolombo/PythonProjects/forecasting-promocional/.pre-commit-config.yaml
            path: /Users/leticiacolombo/PythonProjects/forecasting-promocional/.pre-commit-config.yaml
        finish pytest_collect_file --> [] [hook]
        pytest_ignore_collect [hook]
            config: <_pytest.config.Config object at 0x1011d89d0>
            collection_path: /Users/leticiacolombo/PythonProjects/forecasting-promocional/.pytest_cache
            path: /Users/leticiacolombo/PythonProjects/forecasting-promocional/.pytest_cache
        finish pytest_ignore_collect --> True [hook]
        pytest_ignore_collect [hook]
            config: <_pytest.config.Config object at 0x1011d89d0>
            collection_path: /Users/leticiacolombo/PythonProjects/forecasting-promocional/.venv
            path: /Users/leticiacolombo/PythonProjects/forecasting-promocional/.venv
        finish pytest_ignore_collect --> True [hook]
        pytest_ignore_collect [hook]
            config: <_pytest.config.Config object at 0x1011d89d0>
            collection_path: /Users/leticiacolombo/PythonProjects/forecasting-promocional/.vscode
            path: /Users/leticiacolombo/PythonProjects/forecasting-promocional/.vscode
        finish pytest_ignore_collect --> True [hook]
        pytest_ignore_collect [hook]
            config: <_pytest.config.Config object at 0x1011d89d0>
            collection_path: /Users/leticiacolombo/PythonProjects/forecasting-promocional/README.md
            path: /Users/leticiacolombo/PythonProjects/forecasting-promocional/README.md
        finish pytest_ignore_collect --> None [hook]
        pytest_collect_file [hook]
            parent: <Dir forecasting-promocional>
            file_path: /Users/leticiacolombo/PythonProjects/forecasting-promocional/README.md
            path: /Users/leticiacolombo/PythonProjects/forecasting-promocional/README.md
        finish pytest_collect_file --> [] [hook]
        pytest_ignore_collect [hook]
            config: <_pytest.config.Config object at 0x1011d89d0>
            collection_path: /Users/leticiacolombo/PythonProjects/forecasting-promocional/__pycache__
            path: /Users/leticiacolombo/PythonProjects/forecasting-promocional/__pycache__
        finish pytest_ignore_collect --> True [hook]
        pytest_ignore_collect [hook]
            config: <_pytest.config.Config object at 0x1011d89d0>
            collection_path: /Users/leticiacolombo/PythonProjects/forecasting-promocional/config.json
            path: /Users/leticiacolombo/PythonProjects/forecasting-promocional/config.json
        finish pytest_ignore_collect --> None [hook]
        pytest_collect_file [hook]
            parent: <Dir forecasting-promocional>
            file_path: /Users/leticiacolombo/PythonProjects/forecasting-promocional/config.json
            path: /Users/leticiacolombo/PythonProjects/forecasting-promocional/config.json
        finish pytest_collect_file --> [] [hook]
        pytest_ignore_collect [hook]
            config: <_pytest.config.Config object at 0x1011d89d0>
            collection_path: /Users/leticiacolombo/PythonProjects/forecasting-promocional/databricks.yml
            path: /Users/leticiacolombo/PythonProjects/forecasting-promocional/databricks.yml
        finish pytest_ignore_collect --> None [hook]
        pytest_collect_file [hook]
            parent: <Dir forecasting-promocional>
            file_path: /Users/leticiacolombo/PythonProjects/forecasting-promocional/databricks.yml
            path: /Users/leticiacolombo/PythonProjects/forecasting-promocional/databricks.yml
        finish pytest_collect_file --> [] [hook]
        pytest_ignore_collect [hook]
            config: <_pytest.config.Config object at 0x1011d89d0>
            collection_path: /Users/leticiacolombo/PythonProjects/forecasting-promocional/forecasting_promocional
            path: /Users/leticiacolombo/PythonProjects/forecasting-promocional/forecasting_promocional
        finish pytest_ignore_collect --> None [hook]
        pytest_collect_directory [hook]
            path: /Users/leticiacolombo/PythonProjects/forecasting-promocional/forecasting_promocional
            parent: <Dir forecasting-promocional>
        finish pytest_collect_directory --> <Package forecasting_promocional> [hook]
        pytest_ignore_collect [hook]
            config: <_pytest.config.Config object at 0x1011d89d0>
            collection_path: /Users/leticiacolombo/PythonProjects/forecasting-promocional/fp_functions
            path: /Users/leticiacolombo/PythonProjects/forecasting-promocional/fp_functions
        finish pytest_ignore_collect --> None [hook]
        pytest_collect_directory [hook]
            path: /Users/leticiacolombo/PythonProjects/forecasting-promocional/fp_functions
            parent: <Dir forecasting-promocional>
        finish pytest_collect_directory --> <Dir fp_functions> [hook]
        pytest_ignore_collect [hook]
            config: <_pytest.config.Config object at 0x1011d89d0>
            collection_path: /Users/leticiacolombo/PythonProjects/forecasting-promocional/poetry.lock
            path: /Users/leticiacolombo/PythonProjects/forecasting-promocional/poetry.lock
        finish pytest_ignore_collect --> None [hook]
        pytest_collect_file [hook]
            parent: <Dir forecasting-promocional>
            file_path: /Users/leticiacolombo/PythonProjects/forecasting-promocional/poetry.lock
            path: /Users/leticiacolombo/PythonProjects/forecasting-promocional/poetry.lock
        finish pytest_collect_file --> [] [hook]
        pytest_ignore_collect [hook]
            config: <_pytest.config.Config object at 0x1011d89d0>
            collection_path: /Users/leticiacolombo/PythonProjects/forecasting-promocional/pyproject.toml
            path: /Users/leticiacolombo/PythonProjects/forecasting-promocional/pyproject.toml
        finish pytest_ignore_collect --> None [hook]
        pytest_collect_file [hook]
            parent: <Dir forecasting-promocional>
            file_path: /Users/leticiacolombo/PythonProjects/forecasting-promocional/pyproject.toml
            path: /Users/leticiacolombo/PythonProjects/forecasting-promocional/pyproject.toml
        finish pytest_collect_file --> [] [hook]
        pytest_ignore_collect [hook]
            config: <_pytest.config.Config object at 0x1011d89d0>
            collection_path: /Users/leticiacolombo/PythonProjects/forecasting-promocional/pytestdebug.log
            path: /Users/leticiacolombo/PythonProjects/forecasting-promocional/pytestdebug.log
        finish pytest_ignore_collect --> None [hook]
        pytest_collect_file [hook]
            parent: <Dir forecasting-promocional>
            file_path: /Users/leticiacolombo/PythonProjects/forecasting-promocional/pytestdebug.log
            path: /Users/leticiacolombo/PythonProjects/forecasting-promocional/pytestdebug.log
        finish pytest_collect_file --> [] [hook]
        pytest_ignore_collect [hook]
            config: <_pytest.config.Config object at 0x1011d89d0>
            collection_path: /Users/leticiacolombo/PythonProjects/forecasting-promocional/run_pipeline.log
            path: /Users/leticiacolombo/PythonProjects/forecasting-promocional/run_pipeline.log
        finish pytest_ignore_collect --> None [hook]
        pytest_collect_file [hook]
            parent: <Dir forecasting-promocional>
            file_path: /Users/leticiacolombo/PythonProjects/forecasting-promocional/run_pipeline.log
            path: /Users/leticiacolombo/PythonProjects/forecasting-promocional/run_pipeline.log
        finish pytest_collect_file --> [] [hook]
        pytest_ignore_collect [hook]
            config: <_pytest.config.Config object at 0x1011d89d0>
            collection_path: /Users/leticiacolombo/PythonProjects/forecasting-promocional/tests
            path: /Users/leticiacolombo/PythonProjects/forecasting-promocional/tests
        finish pytest_ignore_collect --> None [hook]
        pytest_collect_directory [hook]
            path: /Users/leticiacolombo/PythonProjects/forecasting-promocional/tests
            parent: <Dir forecasting-promocional>
        finish pytest_collect_directory --> <Package tests> [hook]
      finish pytest_make_collect_report --> <CollectReport '.' lenresult=3 outcome='passed'> [hook]
    genitems <Package forecasting_promocional> [collection]
      pytest_collectstart [hook]
          collector: <Package forecasting_promocional>
      finish pytest_collectstart --> [] [hook]
      pytest_make_collect_report [hook]
          collector: <Package forecasting_promocional>
        pytest_ignore_collect [hook]
            config: <_pytest.config.Config object at 0x1011d89d0>
            collection_path: /Users/leticiacolombo/PythonProjects/forecasting-promocional/forecasting_promocional/__init__.py
            path: /Users/leticiacolombo/PythonProjects/forecasting-promocional/forecasting_promocional/__init__.py
        finish pytest_ignore_collect --> None [hook]
        pytest_collect_file [hook]
            parent: <Package forecasting_promocional>
            file_path: /Users/leticiacolombo/PythonProjects/forecasting-promocional/forecasting_promocional/__init__.py
            path: /Users/leticiacolombo/PythonProjects/forecasting-promocional/forecasting_promocional/__init__.py
        finish pytest_collect_file --> [] [hook]
        pytest_ignore_collect [hook]
            config: <_pytest.config.Config object at 0x1011d89d0>
            collection_path: /Users/leticiacolombo/PythonProjects/forecasting-promocional/forecasting_promocional/__pycache__
            path: /Users/leticiacolombo/PythonProjects/forecasting-promocional/forecasting_promocional/__pycache__
        finish pytest_ignore_collect --> True [hook]
        pytest_ignore_collect [hook]
            config: <_pytest.config.Config object at 0x1011d89d0>
            collection_path: /Users/leticiacolombo/PythonProjects/forecasting-promocional/forecasting_promocional/data_loaded.py
            path: /Users/leticiacolombo/PythonProjects/forecasting-promocional/forecasting_promocional/data_loaded.py
        finish pytest_ignore_collect --> None [hook]
        pytest_collect_file [hook]
            parent: <Package forecasting_promocional>
            file_path: /Users/leticiacolombo/PythonProjects/forecasting-promocional/forecasting_promocional/data_loaded.py
            path: /Users/leticiacolombo/PythonProjects/forecasting-promocional/forecasting_promocional/data_loaded.py
        finish pytest_collect_file --> [] [hook]
        pytest_ignore_collect [hook]
            config: <_pytest.config.Config object at 0x1011d89d0>
            collection_path: /Users/leticiacolombo/PythonProjects/forecasting-promocional/forecasting_promocional/data_preprocessing.py
            path: /Users/leticiacolombo/PythonProjects/forecasting-promocional/forecasting_promocional/data_preprocessing.py
        finish pytest_ignore_collect --> None [hook]
        pytest_collect_file [hook]
            parent: <Package forecasting_promocional>
            file_path: /Users/leticiacolombo/PythonProjects/forecasting-promocional/forecasting_promocional/data_preprocessing.py
            path: /Users/leticiacolombo/PythonProjects/forecasting-promocional/forecasting_promocional/data_preprocessing.py
        finish pytest_collect_file --> [] [hook]
        pytest_ignore_collect [hook]
            config: <_pytest.config.Config object at 0x1011d89d0>
            collection_path: /Users/leticiacolombo/PythonProjects/forecasting-promocional/forecasting_promocional/model_fit_and_predict.py
            path: /Users/leticiacolombo/PythonProjects/forecasting-promocional/forecasting_promocional/model_fit_and_predict.py
        finish pytest_ignore_collect --> None [hook]
        pytest_collect_file [hook]
            parent: <Package forecasting_promocional>
            file_path: /Users/leticiacolombo/PythonProjects/forecasting-promocional/forecasting_promocional/model_fit_and_predict.py
            path: /Users/leticiacolombo/PythonProjects/forecasting-promocional/forecasting_promocional/model_fit_and_predict.py
        finish pytest_collect_file --> [] [hook]
        pytest_ignore_collect [hook]
            config: <_pytest.config.Config object at 0x1011d89d0>
            collection_path: /Users/leticiacolombo/PythonProjects/forecasting-promocional/forecasting_promocional/run_model_pipeline.py
            path: /Users/leticiacolombo/PythonProjects/forecasting-promocional/forecasting_promocional/run_model_pipeline.py
        finish pytest_ignore_collect --> None [hook]
        pytest_collect_file [hook]
            parent: <Package forecasting_promocional>
            file_path: /Users/leticiacolombo/PythonProjects/forecasting-promocional/forecasting_promocional/run_model_pipeline.py
            path: /Users/leticiacolombo/PythonProjects/forecasting-promocional/forecasting_promocional/run_model_pipeline.py
        finish pytest_collect_file --> [] [hook]
        pytest_ignore_collect [hook]
            config: <_pytest.config.Config object at 0x1011d89d0>
            collection_path: /Users/leticiacolombo/PythonProjects/forecasting-promocional/forecasting_promocional/save_results.py
            path: /Users/leticiacolombo/PythonProjects/forecasting-promocional/forecasting_promocional/save_results.py
        finish pytest_ignore_collect --> None [hook]
        pytest_collect_file [hook]
            parent: <Package forecasting_promocional>
            file_path: /Users/leticiacolombo/PythonProjects/forecasting-promocional/forecasting_promocional/save_results.py
            path: /Users/leticiacolombo/PythonProjects/forecasting-promocional/forecasting_promocional/save_results.py
        finish pytest_collect_file --> [] [hook]
        pytest_ignore_collect [hook]
            config: <_pytest.config.Config object at 0x1011d89d0>
            collection_path: /Users/leticiacolombo/PythonProjects/forecasting-promocional/forecasting_promocional/schemas.py
            path: /Users/leticiacolombo/PythonProjects/forecasting-promocional/forecasting_promocional/schemas.py
        finish pytest_ignore_collect --> None [hook]
        pytest_collect_file [hook]
            parent: <Package forecasting_promocional>
            file_path: /Users/leticiacolombo/PythonProjects/forecasting-promocional/forecasting_promocional/schemas.py
            path: /Users/leticiacolombo/PythonProjects/forecasting-promocional/forecasting_promocional/schemas.py
        finish pytest_collect_file --> [] [hook]
      finish pytest_make_collect_report --> <CollectReport 'forecasting_promocional' lenresult=0 outcome='passed'> [hook]
      pytest_collectreport [hook]
          report: <CollectReport 'forecasting_promocional' lenresult=0 outcome='passed'>
      finish pytest_collectreport --> [] [hook]
    genitems <Dir fp_functions> [collection]
      pytest_collectstart [hook]
          collector: <Dir fp_functions>
      finish pytest_collectstart --> [] [hook]
      pytest_make_collect_report [hook]
          collector: <Dir fp_functions>
        pytest_ignore_collect [hook]
            config: <_pytest.config.Config object at 0x1011d89d0>
            collection_path: /Users/leticiacolombo/PythonProjects/forecasting-promocional/fp_functions/__pycache__
            path: /Users/leticiacolombo/PythonProjects/forecasting-promocional/fp_functions/__pycache__
        finish pytest_ignore_collect --> True [hook]
        pytest_ignore_collect [hook]
            config: <_pytest.config.Config object at 0x1011d89d0>
            collection_path: /Users/leticiacolombo/PythonProjects/forecasting-promocional/fp_functions/df_query.py
            path: /Users/leticiacolombo/PythonProjects/forecasting-promocional/fp_functions/df_query.py
        finish pytest_ignore_collect --> None [hook]
        pytest_collect_file [hook]
            parent: <Dir fp_functions>
            file_path: /Users/leticiacolombo/PythonProjects/forecasting-promocional/fp_functions/df_query.py
            path: /Users/leticiacolombo/PythonProjects/forecasting-promocional/fp_functions/df_query.py
        finish pytest_collect_file --> [] [hook]
        pytest_ignore_collect [hook]
            config: <_pytest.config.Config object at 0x1011d89d0>
            collection_path: /Users/leticiacolombo/PythonProjects/forecasting-promocional/fp_functions/model_fit.py
            path: /Users/leticiacolombo/PythonProjects/forecasting-promocional/fp_functions/model_fit.py
        finish pytest_ignore_collect --> None [hook]
        pytest_collect_file [hook]
            parent: <Dir fp_functions>
            file_path: /Users/leticiacolombo/PythonProjects/forecasting-promocional/fp_functions/model_fit.py
            path: /Users/leticiacolombo/PythonProjects/forecasting-promocional/fp_functions/model_fit.py
        finish pytest_collect_file --> [] [hook]
        pytest_ignore_collect [hook]
            config: <_pytest.config.Config object at 0x1011d89d0>
            collection_path: /Users/leticiacolombo/PythonProjects/forecasting-promocional/fp_functions/preprocess_data.py
            path: /Users/leticiacolombo/PythonProjects/forecasting-promocional/fp_functions/preprocess_data.py
        finish pytest_ignore_collect --> None [hook]
        pytest_collect_file [hook]
            parent: <Dir fp_functions>
            file_path: /Users/leticiacolombo/PythonProjects/forecasting-promocional/fp_functions/preprocess_data.py
            path: /Users/leticiacolombo/PythonProjects/forecasting-promocional/fp_functions/preprocess_data.py
        finish pytest_collect_file --> [] [hook]
      finish pytest_make_collect_report --> <CollectReport 'fp_functions' lenresult=0 outcome='passed'> [hook]
      pytest_collectreport [hook]
          report: <CollectReport 'fp_functions' lenresult=0 outcome='passed'>
      finish pytest_collectreport --> [] [hook]
    genitems <Package tests> [collection]
      pytest_collectstart [hook]
          collector: <Package tests>
      finish pytest_collectstart --> [] [hook]
      pytest_make_collect_report [hook]
          collector: <Package tests>
        pytest_ignore_collect [hook]
            config: <_pytest.config.Config object at 0x1011d89d0>
            collection_path: /Users/leticiacolombo/PythonProjects/forecasting-promocional/tests/__init__.py
            path: /Users/leticiacolombo/PythonProjects/forecasting-promocional/tests/__init__.py
        finish pytest_ignore_collect --> None [hook]
        pytest_collect_file [hook]
            parent: <Package tests>
            file_path: /Users/leticiacolombo/PythonProjects/forecasting-promocional/tests/__init__.py
            path: /Users/leticiacolombo/PythonProjects/forecasting-promocional/tests/__init__.py
        finish pytest_collect_file --> [] [hook]
        pytest_ignore_collect [hook]
            config: <_pytest.config.Config object at 0x1011d89d0>
            collection_path: /Users/leticiacolombo/PythonProjects/forecasting-promocional/tests/__pycache__
            path: /Users/leticiacolombo/PythonProjects/forecasting-promocional/tests/__pycache__
        finish pytest_ignore_collect --> True [hook]
        pytest_ignore_collect [hook]
            config: <_pytest.config.Config object at 0x1011d89d0>
            collection_path: /Users/leticiacolombo/PythonProjects/forecasting-promocional/tests/test_data_ingestion_test.py
            path: /Users/leticiacolombo/PythonProjects/forecasting-promocional/tests/test_data_ingestion_test.py
        finish pytest_ignore_collect --> None [hook]
        pytest_collect_file [hook]
            parent: <Package tests>
            file_path: /Users/leticiacolombo/PythonProjects/forecasting-promocional/tests/test_data_ingestion_test.py
            path: /Users/leticiacolombo/PythonProjects/forecasting-promocional/tests/test_data_ingestion_test.py
          pytest_pycollect_makemodule [hook]
              parent: <Package tests>
              module_path: /Users/leticiacolombo/PythonProjects/forecasting-promocional/tests/test_data_ingestion_test.py
              path: /Users/leticiacolombo/PythonProjects/forecasting-promocional/tests/test_data_ingestion_test.py
          finish pytest_pycollect_makemodule --> <Module test_data_ingestion_test.py> [hook]
        finish pytest_collect_file --> [<Module test_data_ingestion_test.py>] [hook]
        pytest_ignore_collect [hook]
            config: <_pytest.config.Config object at 0x1011d89d0>
            collection_path: /Users/leticiacolombo/PythonProjects/forecasting-promocional/tests/test_data_preprocessing.py
            path: /Users/leticiacolombo/PythonProjects/forecasting-promocional/tests/test_data_preprocessing.py
        finish pytest_ignore_collect --> None [hook]
        pytest_collect_file [hook]
            parent: <Package tests>
            file_path: /Users/leticiacolombo/PythonProjects/forecasting-promocional/tests/test_data_preprocessing.py
            path: /Users/leticiacolombo/PythonProjects/forecasting-promocional/tests/test_data_preprocessing.py
          pytest_pycollect_makemodule [hook]
              parent: <Package tests>
              module_path: /Users/leticiacolombo/PythonProjects/forecasting-promocional/tests/test_data_preprocessing.py
              path: /Users/leticiacolombo/PythonProjects/forecasting-promocional/tests/test_data_preprocessing.py
          finish pytest_pycollect_makemodule --> <Module test_data_preprocessing.py> [hook]
        finish pytest_collect_file --> [<Module test_data_preprocessing.py>] [hook]
      finish pytest_make_collect_report --> <CollectReport 'tests' lenresult=2 outcome='passed'> [hook]
    genitems <Module test_data_ingestion_test.py> [collection]
      pytest_collectstart [hook]
          collector: <Module test_data_ingestion_test.py>
      finish pytest_collectstart --> [] [hook]
      pytest_make_collect_report [hook]
          collector: <Module test_data_ingestion_test.py>
      early skip of rewriting module: tests [assertion]
      find_module called for: tests.test_data_ingestion_test [assertion]
      matched test file '/Users/leticiacolombo/PythonProjects/forecasting-promocional/tests/test_data_ingestion_test.py' [assertion]
      found cached rewritten pyc for /Users/leticiacolombo/PythonProjects/forecasting-promocional/tests/test_data_ingestion_test.py [assertion]
      early skip of rewriting module: unittest.mock [assertion]
      early skip of rewriting module: asyncio [assertion]
      early skip of rewriting module: asyncio.base_events [assertion]
      early skip of rewriting module: concurrent [assertion]
      early skip of rewriting module: concurrent.futures [assertion]
      early skip of rewriting module: concurrent.futures._base [assertion]
      early skip of rewriting module: ssl [assertion]
      early skip of rewriting module: _ssl [assertion]
      early skip of rewriting module: asyncio.constants [assertion]
      early skip of rewriting module: asyncio.coroutines [assertion]
      early skip of rewriting module: asyncio.base_futures [assertion]
      early skip of rewriting module: asyncio.format_helpers [assertion]
      early skip of rewriting module: asyncio.log [assertion]
      early skip of rewriting module: asyncio.events [assertion]
      early skip of rewriting module: _asyncio [assertion]
      early skip of rewriting module: asyncio.exceptions [assertion]
      early skip of rewriting module: asyncio.base_tasks [assertion]
      early skip of rewriting module: asyncio.futures [assertion]
      early skip of rewriting module: asyncio.protocols [assertion]
      early skip of rewriting module: asyncio.sslproto [assertion]
      early skip of rewriting module: asyncio.transports [assertion]
      early skip of rewriting module: asyncio.staggered [assertion]
      early skip of rewriting module: asyncio.locks [assertion]
      early skip of rewriting module: asyncio.mixins [assertion]
      early skip of rewriting module: asyncio.tasks [assertion]
      early skip of rewriting module: asyncio.trsock [assertion]
      early skip of rewriting module: asyncio.runners [assertion]
      early skip of rewriting module: asyncio.queues [assertion]
      early skip of rewriting module: asyncio.streams [assertion]
      early skip of rewriting module: asyncio.subprocess [assertion]
      early skip of rewriting module: asyncio.threads [assertion]
      early skip of rewriting module: asyncio.unix_events [assertion]
      early skip of rewriting module: asyncio.base_subprocess [assertion]
      early skip of rewriting module: asyncio.selector_events [assertion]
      early skip of rewriting module: pyspark [assertion]
      early skip of rewriting module: pyspark.conf [assertion]
      early skip of rewriting module: py4j [assertion]
      early skip of rewriting module: py4j.version [assertion]
      early skip of rewriting module: py4j.java_gateway [assertion]
      early skip of rewriting module: pydoc [assertion]
      early skip of rewriting module: pkgutil [assertion]
      early skip of rewriting module: sysconfig [assertion]
      early skip of rewriting module: _sysconfigdata__darwin_darwin [assertion]
      early skip of rewriting module: _osx_support [assertion]
      early skip of rewriting module: py4j.compat [assertion]
      early skip of rewriting module: queue [assertion]
      early skip of rewriting module: _queue [assertion]
      early skip of rewriting module: py4j.finalizer [assertion]
      early skip of rewriting module: py4j.protocol [assertion]
      early skip of rewriting module: py4j.signals [assertion]
      early skip of rewriting module: py4j.java_collections [assertion]
      early skip of rewriting module: pyspark.errors [assertion]
      early skip of rewriting module: pyspark.errors.exceptions [assertion]
      early skip of rewriting module: pyspark.errors.exceptions.base [assertion]
      early skip of rewriting module: pyspark.errors.utils [assertion]
      early skip of rewriting module: pyspark.errors.error_classes [assertion]
      early skip of rewriting module: pyspark.rdd [assertion]
      early skip of rewriting module: pyspark.java_gateway [assertion]
      early skip of rewriting module: py4j.clientserver [assertion]
      early skip of rewriting module: pyspark.find_spark_home [assertion]
      early skip of rewriting module: pyspark.serializers [assertion]
      early skip of rewriting module: pickle [assertion]
      early skip of rewriting module: _compat_pickle [assertion]
      early skip of rewriting module: _pickle [assertion]
      early skip of rewriting module: org [assertion]
      early skip of rewriting module: pyspark.cloudpickle [assertion]
      early skip of rewriting module: pyspark.cloudpickle.cloudpickle [assertion]
      early skip of rewriting module: pyspark.cloudpickle.compat [assertion]
      early skip of rewriting module: typing_extensions [assertion]
      early skip of rewriting module: pyspark.cloudpickle.cloudpickle_fast [assertion]
      early skip of rewriting module: pyspark.util [assertion]
      early skip of rewriting module: pyspark.join [assertion]
      early skip of rewriting module: pyspark.resultiterable [assertion]
      early skip of rewriting module: pyspark.statcounter [assertion]
      early skip of rewriting module: numpy [assertion]
      early skip of rewriting module: numpy._globals [assertion]
      early skip of rewriting module: numpy._utils [assertion]
      early skip of rewriting module: numpy._utils._convertions [assertion]
      early skip of rewriting module: numpy.exceptions [assertion]
      early skip of rewriting module: numpy.version [assertion]
      early skip of rewriting module: numpy._distributor_init [assertion]
      early skip of rewriting module: numpy._distributor_init_local [assertion]
      early skip of rewriting module: numpy.__config__ [assertion]
      early skip of rewriting module: numpy.core [assertion]
      early skip of rewriting module: numpy.core.multiarray [assertion]
      early skip of rewriting module: numpy.core.overrides [assertion]
      early skip of rewriting module: numpy._utils._inspect [assertion]
      early skip of rewriting module: numpy.core._multiarray_umath [assertion]
      early skip of rewriting module: numpy.core._exceptions [assertion]
      early skip of rewriting module: numpy.dtypes [assertion]
      early skip of rewriting module: numpy.core.umath [assertion]
      early skip of rewriting module: numpy.core.numerictypes [assertion]
      early skip of rewriting module: numpy.core._string_helpers [assertion]
      early skip of rewriting module: numpy.core._type_aliases [assertion]
      early skip of rewriting module: numpy.compat [assertion]
      early skip of rewriting module: numpy.compat.py3k [assertion]
      early skip of rewriting module: pickle5 [assertion]
      early skip of rewriting module: numpy.core._dtype [assertion]
      early skip of rewriting module: numpy.core.numeric [assertion]
      early skip of rewriting module: numpy.core.shape_base [assertion]
      early skip of rewriting module: numpy.core.fromnumeric [assertion]
      early skip of rewriting module: numpy.core._methods [assertion]
      early skip of rewriting module: numpy.core._ufunc_config [assertion]
      early skip of rewriting module: numpy.core.arrayprint [assertion]
      early skip of rewriting module: numpy.core._asarray [assertion]
      early skip of rewriting module: numpy.core.defchararray [assertion]
      early skip of rewriting module: numpy.core.records [assertion]
      early skip of rewriting module: numpy.core.memmap [assertion]
      early skip of rewriting module: numpy.core.function_base [assertion]
      early skip of rewriting module: numpy.core._machar [assertion]
      early skip of rewriting module: numpy.core.getlimits [assertion]
      early skip of rewriting module: numpy.core.einsumfunc [assertion]
      early skip of rewriting module: numpy.core._add_newdocs [assertion]
      early skip of rewriting module: numpy.core._multiarray_tests [assertion]
      early skip of rewriting module: numpy.core._add_newdocs_scalars [assertion]
      early skip of rewriting module: numpy.core._dtype_ctypes [assertion]
      early skip of rewriting module: numpy.core._internal [assertion]
      early skip of rewriting module: ctypes [assertion]
      early skip of rewriting module: _ctypes [assertion]
      early skip of rewriting module: ctypes._endian [assertion]
      early skip of rewriting module: numpy._pytesttester [assertion]
      early skip of rewriting module: numpy.lib [assertion]
      early skip of rewriting module: numpy.lib.mixins [assertion]
      early skip of rewriting module: numpy.lib.scimath [assertion]
      early skip of rewriting module: numpy.lib.type_check [assertion]
      early skip of rewriting module: numpy.lib.ufunclike [assertion]
      early skip of rewriting module: numpy.lib.index_tricks [assertion]
      early skip of rewriting module: numpy.matrixlib [assertion]
      early skip of rewriting module: numpy.matrixlib.defmatrix [assertion]
      early skip of rewriting module: numpy.linalg [assertion]
      early skip of rewriting module: numpy.linalg.linalg [assertion]
      early skip of rewriting module: numpy.lib.twodim_base [assertion]
      early skip of rewriting module: numpy.lib.stride_tricks [assertion]
      early skip of rewriting module: numpy.linalg._umath_linalg [assertion]
      early skip of rewriting module: numpy._typing [assertion]
      early skip of rewriting module: numpy._typing._nested_sequence [assertion]
      early skip of rewriting module: numpy._typing._nbit [assertion]
      early skip of rewriting module: numpy._typing._char_codes [assertion]
      early skip of rewriting module: numpy._typing._scalars [assertion]
      early skip of rewriting module: numpy._typing._shape [assertion]
      early skip of rewriting module: numpy._typing._dtype_like [assertion]
      early skip of rewriting module: numpy._typing._array_like [assertion]
      early skip of rewriting module: numpy.lib.function_base [assertion]
      early skip of rewriting module: numpy.lib.histograms [assertion]
      early skip of rewriting module: numpy.lib.nanfunctions [assertion]
      early skip of rewriting module: numpy.lib.shape_base [assertion]
      early skip of rewriting module: numpy.lib.polynomial [assertion]
      early skip of rewriting module: numpy.lib.utils [assertion]
      early skip of rewriting module: numpy.lib.arraysetops [assertion]
      early skip of rewriting module: numpy.lib.npyio [assertion]
      early skip of rewriting module: numpy.lib.format [assertion]
      early skip of rewriting module: numpy.lib._datasource [assertion]
      early skip of rewriting module: numpy.lib._iotools [assertion]
      early skip of rewriting module: numpy.lib.arrayterator [assertion]
      early skip of rewriting module: numpy.lib.arraypad [assertion]
      early skip of rewriting module: numpy.lib._version [assertion]
      early skip of rewriting module: numpy.fft [assertion]
      early skip of rewriting module: numpy.fft._pocketfft [assertion]
      early skip of rewriting module: numpy.fft._pocketfft_internal [assertion]
      early skip of rewriting module: numpy.fft.helper [assertion]
      early skip of rewriting module: numpy.polynomial [assertion]
      early skip of rewriting module: numpy.polynomial.polynomial [assertion]
      early skip of rewriting module: numpy.polynomial.polyutils [assertion]
      early skip of rewriting module: numpy.polynomial._polybase [assertion]
      early skip of rewriting module: numpy.polynomial.chebyshev [assertion]
      early skip of rewriting module: numpy.polynomial.legendre [assertion]
      early skip of rewriting module: numpy.polynomial.hermite [assertion]
      early skip of rewriting module: numpy.polynomial.hermite_e [assertion]
      early skip of rewriting module: numpy.polynomial.laguerre [assertion]
      early skip of rewriting module: numpy.random [assertion]
      early skip of rewriting module: numpy.random._pickle [assertion]
      early skip of rewriting module: numpy.random.mtrand [assertion]
      early skip of rewriting module: numpy.random.bit_generator [assertion]
      early skip of rewriting module: numpy.random._common [assertion]
      early skip of rewriting module: backports_abc [assertion]
      early skip of rewriting module: secrets [assertion]
      early skip of rewriting module: hmac [assertion]
      early skip of rewriting module: _hashlib [assertion]
      early skip of rewriting module: hashlib [assertion]
      early skip of rewriting module: _blake2 [assertion]
      early skip of rewriting module: numpy.random._bounded_integers [assertion]
      early skip of rewriting module: numpy.random._mt19937 [assertion]
      early skip of rewriting module: numpy.random._philox [assertion]
      early skip of rewriting module: numpy.random._pcg64 [assertion]
      early skip of rewriting module: numpy.random._sfc64 [assertion]
      early skip of rewriting module: numpy.random._generator [assertion]
      early skip of rewriting module: numpy.ctypeslib [assertion]
      early skip of rewriting module: numpy.ma [assertion]
      early skip of rewriting module: numpy.ma.core [assertion]
      early skip of rewriting module: numpy.ma.extras [assertion]
      early skip of rewriting module: pyspark.rddsampler [assertion]
      early skip of rewriting module: pyspark.storagelevel [assertion]
      early skip of rewriting module: pyspark.resource [assertion]
      early skip of rewriting module: pyspark.resource.information [assertion]
      early skip of rewriting module: pyspark.resource.requests [assertion]
      early skip of rewriting module: pyspark.resource.profile [assertion]
      early skip of rewriting module: pyspark.shuffle [assertion]
      early skip of rewriting module: psutil [assertion]
      early skip of rewriting module: pwd [assertion]
      early skip of rewriting module: psutil._common [assertion]
      early skip of rewriting module: psutil._compat [assertion]
      early skip of rewriting module: psutil._psosx [assertion]
      early skip of rewriting module: psutil._psposix [assertion]
      early skip of rewriting module: psutil._psutil_osx [assertion]
      early skip of rewriting module: psutil._psutil_posix [assertion]
      early skip of rewriting module: pyspark.traceback_utils [assertion]
      early skip of rewriting module: pyspark.files [assertion]
      early skip of rewriting module: pyspark.status [assertion]
      early skip of rewriting module: pyspark.accumulators [assertion]
      early skip of rewriting module: socketserver [assertion]
      early skip of rewriting module: pyspark.broadcast [assertion]
      early skip of rewriting module: pyspark.taskcontext [assertion]
      early skip of rewriting module: pyspark.profiler [assertion]
      early skip of rewriting module: cProfile [assertion]
      early skip of rewriting module: _lsprof [assertion]
      early skip of rewriting module: profile [assertion]
      early skip of rewriting module: pstats [assertion]
      early skip of rewriting module: memory_profiler [assertion]
      early skip of rewriting module: pyspark.version [assertion]
      early skip of rewriting module: pyspark._globals [assertion]
      early skip of rewriting module: pyspark.context [assertion]
      early skip of rewriting module: pyspark.sql [assertion]
      early skip of rewriting module: pyspark.sql.types [assertion]
      early skip of rewriting module: pyspark.sql.utils [assertion]
      early skip of rewriting module: pyspark.errors.exceptions.captured [assertion]
      early skip of rewriting module: pyspark.sql.context [assertion]
      early skip of rewriting module: pyspark.sql.session [assertion]
      early skip of rewriting module: pyspark.sql.column [assertion]
      early skip of rewriting module: pyspark.sql.conf [assertion]
      early skip of rewriting module: pyspark.sql.dataframe [assertion]
      early skip of rewriting module: pyspark.sql.readwriter [assertion]
      early skip of rewriting module: pyspark.sql.streaming [assertion]
      early skip of rewriting module: pyspark.sql.streaming.query [assertion]
      early skip of rewriting module: pyspark.sql.streaming.listener [assertion]
      early skip of rewriting module: pyspark.sql.streaming.readwriter [assertion]
      early skip of rewriting module: pyspark.sql.pandas [assertion]
      early skip of rewriting module: pyspark.sql.pandas.conversion [assertion]
      early skip of rewriting module: pyspark.sql.pandas.serializers [assertion]
      early skip of rewriting module: pyspark.sql.pandas.types [assertion]
      early skip of rewriting module: pyspark.sql.pandas.map_ops [assertion]
      early skip of rewriting module: pyspark.sql.functions [assertion]
      early skip of rewriting module: pyspark.sql.udf [assertion]
      early skip of rewriting module: pyspark.sql.pandas.utils [assertion]
      early skip of rewriting module: pyspark.sql.udtf [assertion]
      early skip of rewriting module: pyspark.sql.pandas.functions [assertion]
      early skip of rewriting module: pyspark.sql.pandas.typehints [assertion]
      early skip of rewriting module: pyspark.sql.sql_formatter [assertion]
      early skip of rewriting module: pyspark.sql.catalog [assertion]
      early skip of rewriting module: pyspark.sql.group [assertion]
      early skip of rewriting module: pyspark.sql.pandas.group_ops [assertion]
      early skip of rewriting module: pyspark.sql.streaming.state [assertion]
      early skip of rewriting module: pyspark.sql.observation [assertion]
      early skip of rewriting module: pyspark.sql.window [assertion]
      early skip of rewriting module: forecasting_promocional [assertion]
      early skip of rewriting module: forecasting_promocional.data_loaded [assertion]
      early skip of rewriting module: fp_functions [assertion]
      early skip of rewriting module: fp_functions.df_query [assertion]
        pytest_pycollect_makeitem [hook]
            collector: <Module test_data_ingestion_test.py>
            name: @py_builtins
            obj: <module 'builtins' (built-in)>
        finish pytest_pycollect_makeitem --> None [hook]
        pytest_pycollect_makeitem [hook]
            collector: <Module test_data_ingestion_test.py>
            name: @pytest_ar
            obj: <module '_pytest.assertion.rewrite' from '/Users/leticiacolombo/PythonProjects/forecasting-promocional/.venv/lib/python3.10/site-packages/_pytest/assertion/rewrite.py'>
        finish pytest_pycollect_makeitem --> None [hook]
        pytest_pycollect_makeitem [hook]
            collector: <Module test_data_ingestion_test.py>
            name: unittest
            obj: <module 'unittest' from '/Users/leticiacolombo/homebrew/Cellar/python@3.10/3.10.13_1/Frameworks/Python.framework/Versions/3.10/lib/python3.10/unittest/__init__.py'>
        finish pytest_pycollect_makeitem --> None [hook]
        pytest_pycollect_makeitem [hook]
            collector: <Module test_data_ingestion_test.py>
            name: MagicMock
            obj: <class 'unittest.mock.MagicMock'>
        finish pytest_pycollect_makeitem --> None [hook]
        pytest_pycollect_makeitem [hook]
            collector: <Module test_data_ingestion_test.py>
            name: patch
            obj: <function patch at 0x101717d90>
        finish pytest_pycollect_makeitem --> None [hook]
        pytest_pycollect_makeitem [hook]
            collector: <Module test_data_ingestion_test.py>
            name: SparkSession
            obj: <class 'pyspark.sql.session.SparkSession'>
        finish pytest_pycollect_makeitem --> None [hook]
        pytest_pycollect_makeitem [hook]
            collector: <Module test_data_ingestion_test.py>
            name: LoadDataVentas
            obj: <class 'forecasting_promocional.data_loaded.LoadDataVentas'>
        finish pytest_pycollect_makeitem --> None [hook]
        pytest_pycollect_makeitem [hook]
            collector: <Module test_data_ingestion_test.py>
            name: TestLoadDataVentas
            obj: <class 'tests.test_data_ingestion_test.TestLoadDataVentas'>
        finish pytest_pycollect_makeitem --> <UnitTestCase TestLoadDataVentas> [hook]
      finish pytest_make_collect_report --> <CollectReport 'tests/test_data_ingestion_test.py' lenresult=1 outcome='passed'> [hook]
    genitems <UnitTestCase TestLoadDataVentas> [collection]
      pytest_collectstart [hook]
          collector: <UnitTestCase TestLoadDataVentas>
      finish pytest_collectstart --> [] [hook]
      pytest_make_collect_report [hook]
          collector: <UnitTestCase TestLoadDataVentas>
      finish pytest_make_collect_report --> <CollectReport 'tests/test_data_ingestion_test.py::TestLoadDataVentas' lenresult=1 outcome='passed'> [hook]
    genitems <TestCaseFunction test_load_data> [collection]
      pytest_itemcollected [hook]
          item: <TestCaseFunction test_load_data>
      finish pytest_itemcollected --> [] [hook]
      pytest_collectreport [hook]
          report: <CollectReport 'tests/test_data_ingestion_test.py::TestLoadDataVentas' lenresult=1 outcome='passed'>
      finish pytest_collectreport --> [] [hook]
      pytest_collectreport [hook]
          report: <CollectReport 'tests/test_data_ingestion_test.py' lenresult=1 outcome='passed'>
      finish pytest_collectreport --> [] [hook]
    genitems <Module test_data_preprocessing.py> [collection]
      pytest_collectstart [hook]
          collector: <Module test_data_preprocessing.py>
      finish pytest_collectstart --> [] [hook]
      pytest_make_collect_report [hook]
          collector: <Module test_data_preprocessing.py>
      find_module called for: tests.test_data_preprocessing [assertion]
      matched test file '/Users/leticiacolombo/PythonProjects/forecasting-promocional/tests/test_data_preprocessing.py' [assertion]
      found cached rewritten pyc for /Users/leticiacolombo/PythonProjects/forecasting-promocional/tests/test_data_preprocessing.py [assertion]
      early skip of rewriting module: pandas [assertion]
      early skip of rewriting module: pytz [assertion]
      early skip of rewriting module: pytz.exceptions [assertion]
      early skip of rewriting module: pytz.lazy [assertion]
      early skip of rewriting module: pytz.tzinfo [assertion]
      early skip of rewriting module: pytz.tzfile [assertion]
      early skip of rewriting module: dateutil [assertion]
      early skip of rewriting module: dateutil._version [assertion]
      early skip of rewriting module: pandas.compat [assertion]
      early skip of rewriting module: pandas.compat._constants [assertion]
      early skip of rewriting module: pandas.compat.compressors [assertion]
      early skip of rewriting module: pandas.compat.numpy [assertion]
      early skip of rewriting module: pandas.util [assertion]
      early skip of rewriting module: pandas.util.version [assertion]
      early skip of rewriting module: pandas.compat.pyarrow [assertion]
      early skip of rewriting module: pyarrow [assertion]
      early skip of rewriting module: pyarrow._generated_version [assertion]
      early skip of rewriting module: pyarrow.lib [assertion]
      early skip of rewriting module: backports_abc [assertion]
      early skip of rewriting module: numpy._core [assertion]
      early skip of rewriting module: numpy._core._multiarray_umath [assertion]
      early skip of rewriting module: cloudpickle [assertion]
      early skip of rewriting module: pyarrow.util [assertion]
      early skip of rewriting module: pyarrow.ipc [assertion]
      early skip of rewriting module: pyarrow.types [assertion]
      early skip of rewriting module: pandas._config [assertion]
      early skip of rewriting module: pandas._config.config [assertion]
      early skip of rewriting module: pandas._typing [assertion]
      early skip of rewriting module: pandas.util._exceptions [assertion]
      early skip of rewriting module: pandas._config.dates [assertion]
      early skip of rewriting module: pandas._config.display [assertion]
      early skip of rewriting module: pandas.core [assertion]
      early skip of rewriting module: pandas.core.config_init [assertion]
      early skip of rewriting module: pandas.core.api [assertion]
      early skip of rewriting module: pandas._libs [assertion]
      early skip of rewriting module: pandas._libs.pandas_parser [assertion]
      early skip of rewriting module: pandas._libs.pandas_datetime [assertion]
      early skip of rewriting module: pandas._libs.interval [assertion]
      early skip of rewriting module: pandas._libs.hashtable [assertion]
      early skip of rewriting module: pandas._libs.missing [assertion]
      early skip of rewriting module: pandas._libs.tslibs [assertion]
      early skip of rewriting module: pandas._libs.tslibs.dtypes [assertion]
      early skip of rewriting module: pandas._libs.tslibs.ccalendar [assertion]
      early skip of rewriting module: pandas._libs.tslibs.np_datetime [assertion]
      early skip of rewriting module: pandas._libs.tslibs.conversion [assertion]
      early skip of rewriting module: pandas._libs.tslibs.base [assertion]
      early skip of rewriting module: pandas._libs.tslibs.offsets [assertion]
      early skip of rewriting module: pandas._libs.tslibs.timestamps [assertion]
      early skip of rewriting module: pandas._libs.tslibs.nattype [assertion]
      early skip of rewriting module: pandas._libs.tslibs.timedeltas [assertion]
      early skip of rewriting module: pandas._libs.tslibs.timezones [assertion]
      early skip of rewriting module: pandas.compat._optional [assertion]
      early skip of rewriting module: zoneinfo [assertion]
      early skip of rewriting module: zoneinfo._tzpath [assertion]
      early skip of rewriting module: zoneinfo._common [assertion]
      early skip of rewriting module: _zoneinfo [assertion]
      early skip of rewriting module: dateutil.tz [assertion]
      early skip of rewriting module: dateutil.tz.tz [assertion]
      early skip of rewriting module: six [assertion]
      early skip of rewriting module: six.moves [assertion]
      early skip of rewriting module: dateutil.tz._common [assertion]
      early skip of rewriting module: dateutil.tz._factories [assertion]
      early skip of rewriting module: dateutil.tz.win [assertion]
      early skip of rewriting module: six.moves.winreg [assertion]
      early skip of rewriting module: pandas._libs.tslibs.fields [assertion]
      early skip of rewriting module: _strptime [assertion]
      early skip of rewriting module: pandas._config.localization [assertion]
      early skip of rewriting module: pandas._libs.tslibs.tzconversion [assertion]
      early skip of rewriting module: backports_abc [assertion]
      early skip of rewriting module: backports_abc [assertion]
      early skip of rewriting module: pandas._libs.properties [assertion]
      early skip of rewriting module: pandas._libs.tslibs.parsing [assertion]
      early skip of rewriting module: backports_abc [assertion]
      early skip of rewriting module: dateutil.parser [assertion]
      early skip of rewriting module: dateutil.parser._parser [assertion]
      early skip of rewriting module: dateutil.relativedelta [assertion]
      early skip of rewriting module: dateutil._common [assertion]
      early skip of rewriting module: dateutil.parser.isoparser [assertion]
      early skip of rewriting module: pandas._libs.tslibs.strptime [assertion]
      early skip of rewriting module: pandas._libs.tslibs.period [assertion]
      early skip of rewriting module: pandas._libs.tslibs.vectorized [assertion]
      early skip of rewriting module: pandas._libs.ops_dispatch [assertion]
      early skip of rewriting module: pandas._libs.algos [assertion]
      early skip of rewriting module: pandas.core.dtypes [assertion]
      early skip of rewriting module: pandas.core.dtypes.dtypes [assertion]
      early skip of rewriting module: pandas._libs.lib [assertion]
      early skip of rewriting module: pandas.errors [assertion]
      early skip of rewriting module: pandas.core.dtypes.base [assertion]
      early skip of rewriting module: pandas.core.dtypes.generic [assertion]
      early skip of rewriting module: pandas.core.dtypes.inference [assertion]
      early skip of rewriting module: pandas.core.dtypes.missing [assertion]
      early skip of rewriting module: pandas.core.dtypes.common [assertion]
      early skip of rewriting module: pandas.core.algorithms [assertion]
      early skip of rewriting module: pandas.util._decorators [assertion]
      early skip of rewriting module: pandas.core.dtypes.cast [assertion]
      early skip of rewriting module: pandas.io [assertion]
      early skip of rewriting module: pandas.io._util [assertion]
      early skip of rewriting module: pandas.core.dtypes.concat [assertion]
      early skip of rewriting module: pandas.core.dtypes.astype [assertion]
      early skip of rewriting module: pandas.core.array_algos [assertion]
      early skip of rewriting module: pandas.core.array_algos.take [assertion]
      early skip of rewriting module: pandas.core.construction [assertion]
      early skip of rewriting module: pandas.core.common [assertion]
      early skip of rewriting module: pandas.core.indexers [assertion]
      early skip of rewriting module: pandas.core.indexers.utils [assertion]
      early skip of rewriting module: pandas.core.arrays [assertion]
      early skip of rewriting module: pandas.core.arrays.arrow [assertion]
      early skip of rewriting module: pandas.core.arrays.arrow.accessors [assertion]
      early skip of rewriting module: pyarrow.compute [assertion]
      early skip of rewriting module: pyarrow._compute [assertion]
      early skip of rewriting module: pyarrow._compute_docstrings [assertion]
      early skip of rewriting module: pyarrow.vendored [assertion]
      early skip of rewriting module: pyarrow.vendored.docscrape [assertion]
      early skip of rewriting module: pandas.core.arrays.arrow.array [assertion]
      early skip of rewriting module: pandas.util._validators [assertion]
      early skip of rewriting module: pandas.core.missing [assertion]
      early skip of rewriting module: pandas.core.ops [assertion]
      early skip of rewriting module: pandas.core.ops.array_ops [assertion]
      early skip of rewriting module: pandas._libs.ops [assertion]
      early skip of rewriting module: pandas.core.roperator [assertion]
      early skip of rewriting module: pandas.core.computation [assertion]
      early skip of rewriting module: pandas.core.computation.expressions [assertion]
      early skip of rewriting module: pandas.core.computation.check [assertion]
      early skip of rewriting module: numexpr [assertion]
      early skip of rewriting module: pandas.core.ops.missing [assertion]
      early skip of rewriting module: pandas.core.ops.dispatch [assertion]
      early skip of rewriting module: pandas.core.ops.invalid [assertion]
      early skip of rewriting module: pandas.core.ops.common [assertion]
      early skip of rewriting module: pandas.core.ops.docstrings [assertion]
      early skip of rewriting module: pandas.core.ops.mask_ops [assertion]
      early skip of rewriting module: pandas.core.arraylike [assertion]
      early skip of rewriting module: pandas.core.arrays._arrow_string_mixins [assertion]
      early skip of rewriting module: pandas.core.arrays._utils [assertion]
      early skip of rewriting module: pandas.core.arrays.base [assertion]
      early skip of rewriting module: pandas.compat.numpy.function [assertion]
      early skip of rewriting module: pandas.core.array_algos.quantile [assertion]
      early skip of rewriting module: pandas.core.sorting [assertion]
      early skip of rewriting module: pandas.core.arrays.masked [assertion]
      early skip of rewriting module: pandas.core.nanops [assertion]
      early skip of rewriting module: bottleneck [assertion]
      early skip of rewriting module: pandas.core.array_algos.masked_accumulations [assertion]
      early skip of rewriting module: pandas.core.array_algos.masked_reductions [assertion]
      early skip of rewriting module: pandas.core.util [assertion]
      early skip of rewriting module: pandas.core.util.hashing [assertion]
      early skip of rewriting module: pandas._libs.hashing [assertion]
      early skip of rewriting module: pandas.core.arrays.string_ [assertion]
      early skip of rewriting module: pandas._libs.arrays [assertion]
      early skip of rewriting module: pandas.core.arrays.floating [assertion]
      early skip of rewriting module: pandas.core.arrays.numeric [assertion]
      early skip of rewriting module: pandas.core.arrays.integer [assertion]
      early skip of rewriting module: pandas.core.arrays.numpy_ [assertion]
      early skip of rewriting module: pandas.core.arrays._mixins [assertion]
      early skip of rewriting module: pandas.core.array_algos.transforms [assertion]
      early skip of rewriting module: pandas.core.strings [assertion]
      early skip of rewriting module: pandas.core.strings.object_array [assertion]
      early skip of rewriting module: pandas.core.strings.base [assertion]
      early skip of rewriting module: pandas.tseries [assertion]
      early skip of rewriting module: pandas.tseries.frequencies [assertion]
      early skip of rewriting module: pandas.core.arrays.boolean [assertion]
      early skip of rewriting module: pandas.core.arrays.categorical [assertion]
      early skip of rewriting module: pandas.core.accessor [assertion]
      early skip of rewriting module: pandas.core.base [assertion]
      early skip of rewriting module: pandas.io.formats [assertion]
      early skip of rewriting module: pandas.io.formats.console [assertion]
      early skip of rewriting module: pandas.core.arrays.datetimes [assertion]
      early skip of rewriting module: pandas._libs.tslib [assertion]
      early skip of rewriting module: pandas.core.arrays.datetimelike [assertion]
      early skip of rewriting module: pandas.core.array_algos.datetimelike_accumulations [assertion]
      early skip of rewriting module: pandas.core.arrays._ranges [assertion]
      early skip of rewriting module: pandas.tseries.offsets [assertion]
      early skip of rewriting module: pandas.core.arrays.interval [assertion]
      early skip of rewriting module: pandas.core.arrays.timedeltas [assertion]
      early skip of rewriting module: pandas.core.arrays.period [assertion]
      early skip of rewriting module: pandas.core.arrays.sparse [assertion]
      early skip of rewriting module: pandas.core.arrays.sparse.accessor [assertion]
      early skip of rewriting module: pandas.core.arrays.sparse.array [assertion]
      early skip of rewriting module: pandas._libs.sparse [assertion]
      early skip of rewriting module: pandas.io.formats.printing [assertion]
      early skip of rewriting module: pandas.core.arrays.string_arrow [assertion]
      early skip of rewriting module: pandas.core.arrays.arrow._arrow_utils [assertion]
      early skip of rewriting module: pandas.core.flags [assertion]
      early skip of rewriting module: pandas.core.groupby [assertion]
      early skip of rewriting module: pandas.core.groupby.generic [assertion]
      early skip of rewriting module: pandas.core.apply [assertion]
      early skip of rewriting module: pandas._libs.internals [assertion]
      early skip of rewriting module: backports_abc [assertion]
      early skip of rewriting module: pandas.core._numba [assertion]
      early skip of rewriting module: pandas.core._numba.executor [assertion]
      early skip of rewriting module: pandas.core.frame [assertion]
      early skip of rewriting module: pandas.core.generic [assertion]
      early skip of rewriting module: pandas.core.indexing [assertion]
      early skip of rewriting module: pandas._libs.indexing [assertion]
      early skip of rewriting module: pandas.core.indexes [assertion]
      early skip of rewriting module: pandas.core.indexes.api [assertion]
      early skip of rewriting module: pandas.core.indexes.base [assertion]
      early skip of rewriting module: pandas._libs.index [assertion]
      early skip of rewriting module: backports_abc [assertion]
      early skip of rewriting module: pandas._libs.writers [assertion]
      early skip of rewriting module: pandas._libs.join [assertion]
      early skip of rewriting module: pandas.core.array_algos.putmask [assertion]
      early skip of rewriting module: pandas.core.indexes.frozen [assertion]
      early skip of rewriting module: pandas.core.strings.accessor [assertion]
      early skip of rewriting module: pandas.core.indexes.category [assertion]
      early skip of rewriting module: pandas.core.indexes.extension [assertion]
      early skip of rewriting module: pandas.core.indexes.datetimes [assertion]
      early skip of rewriting module: pandas.core.indexes.datetimelike [assertion]
      early skip of rewriting module: pandas.core.indexes.range [assertion]
      early skip of rewriting module: pandas.core.tools [assertion]
      early skip of rewriting module: pandas.core.tools.timedeltas [assertion]
      early skip of rewriting module: pandas.core.tools.times [assertion]
      early skip of rewriting module: pandas.core.indexes.interval [assertion]
      early skip of rewriting module: pandas.core.indexes.multi [assertion]
      early skip of rewriting module: pandas.core.indexes.timedeltas [assertion]
      early skip of rewriting module: pandas.core.indexes.period [assertion]
      early skip of rewriting module: pandas.core.sample [assertion]
      early skip of rewriting module: pandas.core.array_algos.replace [assertion]
      early skip of rewriting module: pandas.core.internals [assertion]
      early skip of rewriting module: pandas.core.internals.api [assertion]
      early skip of rewriting module: pandas.core.internals.blocks [assertion]
      early skip of rewriting module: pandas.core.internals.array_manager [assertion]
      early skip of rewriting module: pandas.core.internals.base [assertion]
      early skip of rewriting module: pandas.core.internals.managers [assertion]
      early skip of rewriting module: pandas.core.internals.ops [assertion]
      early skip of rewriting module: pandas.core.internals.concat [assertion]
      early skip of rewriting module: pandas.core.internals.construction [assertion]
      early skip of rewriting module: pandas.core.methods [assertion]
      early skip of rewriting module: pandas.core.methods.describe [assertion]
      early skip of rewriting module: pandas.core.reshape [assertion]
      early skip of rewriting module: pandas.core.reshape.concat [assertion]
      early skip of rewriting module: pandas.io.formats.format [assertion]
      early skip of rewriting module: pandas.io.common [assertion]
      early skip of rewriting module: gzip [assertion]
      early skip of rewriting module: mmap [assertion]
      early skip of rewriting module: tarfile [assertion]
      early skip of rewriting module: grp [assertion]
      early skip of rewriting module: pandas.core.shared_docs [assertion]
      early skip of rewriting module: pandas.core.window [assertion]
      early skip of rewriting module: pandas.core.window.ewm [assertion]
      early skip of rewriting module: pandas._libs.window [assertion]
      early skip of rewriting module: pandas._libs.window.aggregations [assertion]
      early skip of rewriting module: pandas.core.indexers.objects [assertion]
      early skip of rewriting module: pandas._libs.window.indexers [assertion]
      early skip of rewriting module: pandas.core.util.numba_ [assertion]
      early skip of rewriting module: pandas.core.window.common [assertion]
      early skip of rewriting module: pandas.core.window.doc [assertion]
      early skip of rewriting module: pandas.core.window.numba_ [assertion]
      early skip of rewriting module: pandas.core.window.online [assertion]
      early skip of rewriting module: pandas.core.window.rolling [assertion]
      early skip of rewriting module: pandas.core.window.expanding [assertion]
      early skip of rewriting module: pandas.core.methods.selectn [assertion]
      early skip of rewriting module: pandas.core.reshape.melt [assertion]
      early skip of rewriting module: pandas.core.reshape.util [assertion]
      early skip of rewriting module: pandas.core.tools.numeric [assertion]
      early skip of rewriting module: pandas.core.series [assertion]
      early skip of rewriting module: pandas._libs.reshape [assertion]
      early skip of rewriting module: pandas.core.indexes.accessors [assertion]
      early skip of rewriting module: pandas.core.tools.datetimes [assertion]
      early skip of rewriting module: pandas.arrays [assertion]
      early skip of rewriting module: pandas.io.formats.info [assertion]
      early skip of rewriting module: pandas.plotting [assertion]
      early skip of rewriting module: pandas.plotting._core [assertion]
      early skip of rewriting module: pandas.plotting._misc [assertion]
      early skip of rewriting module: pandas.core.groupby.base [assertion]
      early skip of rewriting module: pandas.core.groupby.ops [assertion]
      early skip of rewriting module: pandas._libs.groupby [assertion]
      early skip of rewriting module: backports_abc [assertion]
      early skip of rewriting module: pandas.core.groupby.grouper [assertion]
      early skip of rewriting module: pandas.core.groupby.categorical [assertion]
      early skip of rewriting module: pandas.core.groupby.groupby [assertion]
      early skip of rewriting module: pandas.core.groupby.numba_ [assertion]
      early skip of rewriting module: pandas.core.groupby.indexing [assertion]
      early skip of rewriting module: pandas.tseries.api [assertion]
      early skip of rewriting module: pandas.core.computation.api [assertion]
      early skip of rewriting module: pandas.core.computation.eval [assertion]
      early skip of rewriting module: pandas.core.computation.engines [assertion]
      early skip of rewriting module: pandas.core.computation.align [assertion]
      early skip of rewriting module: pandas.core.computation.common [assertion]
      early skip of rewriting module: pandas.core.computation.ops [assertion]
      early skip of rewriting module: pandas.core.computation.scope [assertion]
      early skip of rewriting module: pandas.core.computation.expr [assertion]
      early skip of rewriting module: pandas.core.computation.parsing [assertion]
      early skip of rewriting module: pandas.core.reshape.api [assertion]
      early skip of rewriting module: pandas.core.reshape.encoding [assertion]
      early skip of rewriting module: pandas.core.reshape.merge [assertion]
      early skip of rewriting module: pandas.core.reshape.pivot [assertion]
      early skip of rewriting module: pandas.core.reshape.tile [assertion]
      early skip of rewriting module: pandas.api [assertion]
      early skip of rewriting module: pandas.api.extensions [assertion]
      early skip of rewriting module: pandas.api.indexers [assertion]
      early skip of rewriting module: pandas.api.interchange [assertion]
      early skip of rewriting module: pandas.core.interchange [assertion]
      early skip of rewriting module: pandas.core.interchange.dataframe_protocol [assertion]
      early skip of rewriting module: pandas.core.interchange.from_dataframe [assertion]
      early skip of rewriting module: pandas.core.interchange.utils [assertion]
      early skip of rewriting module: pandas.api.types [assertion]
      early skip of rewriting module: pandas.core.dtypes.api [assertion]
      early skip of rewriting module: pandas.api.typing [assertion]
      early skip of rewriting module: pandas.core.resample [assertion]
      early skip of rewriting module: pandas.io.json [assertion]
      early skip of rewriting module: pandas.io.json._json [assertion]
      early skip of rewriting module: pandas._libs.json [assertion]
      early skip of rewriting module: pandas.io.json._normalize [assertion]
      early skip of rewriting module: pandas.io.json._table_schema [assertion]
      early skip of rewriting module: pandas.io.parsers [assertion]
      early skip of rewriting module: pandas.io.parsers.readers [assertion]
      early skip of rewriting module: pandas._libs.parsers [assertion]
      early skip of rewriting module: backports_abc [assertion]
      early skip of rewriting module: pandas.io.parsers.arrow_parser_wrapper [assertion]
      early skip of rewriting module: pandas.io.parsers.base_parser [assertion]
      early skip of rewriting module: pandas.io.parsers.c_parser_wrapper [assertion]
      early skip of rewriting module: pandas.io.parsers.python_parser [assertion]
      early skip of rewriting module: pandas.io.stata [assertion]
      early skip of rewriting module: pandas.testing [assertion]
      early skip of rewriting module: pandas._testing [assertion]
      early skip of rewriting module: pandas._testing._io [assertion]
      early skip of rewriting module: pandas._testing.contexts [assertion]
      early skip of rewriting module: pandas._testing._warnings [assertion]
      early skip of rewriting module: pandas._testing.asserters [assertion]
      early skip of rewriting module: pandas._libs.testing [assertion]
      early skip of rewriting module: cmath [assertion]
      early skip of rewriting module: pandas._testing.compat [assertion]
      early skip of rewriting module: pandas.util._print_versions [assertion]
      early skip of rewriting module: pandas.io.api [assertion]
      early skip of rewriting module: pandas.io.clipboards [assertion]
      early skip of rewriting module: pandas.io.excel [assertion]
      early skip of rewriting module: pandas.io.excel._base [assertion]
      early skip of rewriting module: pandas.io.excel._util [assertion]
      early skip of rewriting module: pandas.io.excel._calamine [assertion]
      early skip of rewriting module: pandas.io.excel._odfreader [assertion]
      early skip of rewriting module: pandas.io.excel._openpyxl [assertion]
      early skip of rewriting module: pandas.io.excel._pyxlsb [assertion]
      early skip of rewriting module: pandas.io.excel._xlrd [assertion]
      early skip of rewriting module: pandas.io.excel._odswriter [assertion]
      early skip of rewriting module: pandas.io.excel._xlsxwriter [assertion]
      early skip of rewriting module: pandas.io.feather_format [assertion]
      early skip of rewriting module: pandas.io.gbq [assertion]
      early skip of rewriting module: pandas.io.html [assertion]
      early skip of rewriting module: pandas.io.orc [assertion]
      early skip of rewriting module: pandas.io.parquet [assertion]
      early skip of rewriting module: pandas.io.pickle [assertion]
      early skip of rewriting module: pandas.compat.pickle_compat [assertion]
      early skip of rewriting module: pandas.io.pytables [assertion]
      early skip of rewriting module: pandas.core.computation.pytables [assertion]
      early skip of rewriting module: pandas.io.sas [assertion]
      early skip of rewriting module: pandas.io.sas.sasreader [assertion]
      early skip of rewriting module: pandas.io.spss [assertion]
      early skip of rewriting module: pandas.io.sql [assertion]
      early skip of rewriting module: pandas.io.xml [assertion]
      early skip of rewriting module: pandas.util._tester [assertion]
      early skip of rewriting module: pandas._version_meson [assertion]
      early skip of rewriting module: forecasting_promocional.data_preprocessing [assertion]
      early skip of rewriting module: forecasting_promocional.schemas [assertion]
      early skip of rewriting module: fp_functions.preprocess_data [assertion]
      early skip of rewriting module: holidays [assertion]
      early skip of rewriting module: holidays.constants [assertion]
      early skip of rewriting module: holidays.calendars [assertion]
      early skip of rewriting module: holidays.calendars.buddhist [assertion]
      early skip of rewriting module: holidays.calendars.custom [assertion]
      early skip of rewriting module: holidays.calendars.gregorian [assertion]
      early skip of rewriting module: holidays.calendars.chinese [assertion]
      early skip of rewriting module: holidays.calendars.hebrew [assertion]
      early skip of rewriting module: holidays.calendars.hindu [assertion]
      early skip of rewriting module: holidays.calendars.islamic [assertion]
      early skip of rewriting module: holidays.helpers [assertion]
      early skip of rewriting module: holidays.calendars.julian [assertion]
      early skip of rewriting module: holidays.calendars.julian_revised [assertion]
      early skip of rewriting module: holidays.calendars.persian [assertion]
      early skip of rewriting module: holidays.calendars.thai [assertion]
      early skip of rewriting module: holidays.deprecation [assertion]
      early skip of rewriting module: holidays.holiday_base [assertion]
      early skip of rewriting module: holidays.registry [assertion]
      early skip of rewriting module: holidays.utils [assertion]
        pytest_pycollect_makeitem [hook]
            collector: <Module test_data_preprocessing.py>
            name: @py_builtins
            obj: <module 'builtins' (built-in)>
        finish pytest_pycollect_makeitem --> None [hook]
        pytest_pycollect_makeitem [hook]
            collector: <Module test_data_preprocessing.py>
            name: @pytest_ar
            obj: <module '_pytest.assertion.rewrite' from '/Users/leticiacolombo/PythonProjects/forecasting-promocional/.venv/lib/python3.10/site-packages/_pytest/assertion/rewrite.py'>
        finish pytest_pycollect_makeitem --> None [hook]
        pytest_pycollect_makeitem [hook]
            collector: <Module test_data_preprocessing.py>
            name: pytest
            obj: <module 'pytest' from '/Users/leticiacolombo/PythonProjects/forecasting-promocional/.venv/lib/python3.10/site-packages/pytest/__init__.py'>
        finish pytest_pycollect_makeitem --> None [hook]
        pytest_pycollect_makeitem [hook]
            collector: <Module test_data_preprocessing.py>
            name: pd
            obj: <module 'pandas' from '/Users/leticiacolombo/PythonProjects/forecasting-promocional/.venv/lib/python3.10/site-packages/pandas/__init__.py'>
        finish pytest_pycollect_makeitem --> None [hook]
        pytest_pycollect_makeitem [hook]
            collector: <Module test_data_preprocessing.py>
            name: np
            obj: <module 'numpy' from '/Users/leticiacolombo/PythonProjects/forecasting-promocional/.venv/lib/python3.10/site-packages/numpy/__init__.py'>
        finish pytest_pycollect_makeitem --> None [hook]
        pytest_pycollect_makeitem [hook]
            collector: <Module test_data_preprocessing.py>
            name: SparkSession
            obj: <class 'pyspark.sql.session.SparkSession'>
        finish pytest_pycollect_makeitem --> None [hook]
        pytest_pycollect_makeitem [hook]
            collector: <Module test_data_preprocessing.py>
            name: col
            obj: <function col at 0x102dcf400>
        finish pytest_pycollect_makeitem --> None [hook]
        pytest_pycollect_makeitem [hook]
            collector: <Module test_data_preprocessing.py>
            name: DataPreprocessor
            obj: <class 'forecasting_promocional.data_preprocessing.DataPreprocessor'>
        finish pytest_pycollect_makeitem --> None [hook]
        pytest_pycollect_makeitem [hook]
            collector: <Module test_data_preprocessing.py>
            name: schema_df_ventas
            obj: StructType([StructField('sk_dia', IntegerType(), False), StructField('sk_mes', IntegerType(), False), StructField('sk_material', IntegerType(), False), StructField('sk_tienda', IntegerType(), False), StructField('desc_material', StringType(), False), StructField('desc_grupo_articulo', StringType(), False), StructField('desc_categoria', StringType(), False), StructField('sk_categoria', IntegerType(), False), StructField('mto_venta_neta', FloatType(), False), StructField('mto_venta_neta_promocion', FloatType(), False), StructField('cnt_venta', FloatType(), False), StructField('cnt_venta_promocion', FloatType(), False)])
        finish pytest_pycollect_makeitem --> None [hook]
        pytest_pycollect_makeitem [hook]
            collector: <Module test_data_preprocessing.py>
            name: spark
            obj: <function spark at 0x102e9e290>
        finish pytest_pycollect_makeitem --> None [hook]
        pytest_pycollect_makeitem [hook]
            collector: <Module test_data_preprocessing.py>
            name: sample_data
            obj: <function sample_data at 0x12f54e8c0>
        finish pytest_pycollect_makeitem --> None [hook]
        pytest_pycollect_makeitem [hook]
            collector: <Module test_data_preprocessing.py>
            name: test_data_preprocessing
            obj: <function test_data_preprocessing at 0x12f54e950>
          pytest_generate_tests [hook]
              metafunc: <_pytest.python.Metafunc object at 0x12f549a80>
          finish pytest_generate_tests --> [] [hook]
        finish pytest_pycollect_makeitem --> [<Function test_data_preprocessing>] [hook]
      finish pytest_make_collect_report --> <CollectReport 'tests/test_data_preprocessing.py' lenresult=1 outcome='passed'> [hook]
    genitems <Function test_data_preprocessing> [collection]
      pytest_itemcollected [hook]
          item: <Function test_data_preprocessing>
      finish pytest_itemcollected --> [] [hook]
      pytest_collectreport [hook]
          report: <CollectReport 'tests/test_data_preprocessing.py' lenresult=1 outcome='passed'>
      finish pytest_collectreport --> [] [hook]
      pytest_collectreport [hook]
          report: <CollectReport 'tests' lenresult=2 outcome='passed'>
      finish pytest_collectreport --> [] [hook]
      pytest_collectreport [hook]
          report: <CollectReport '.' lenresult=3 outcome='passed'>
      finish pytest_collectreport --> [] [hook]
      pytest_collection_modifyitems [hook]
          session: <Session  exitstatus=<ExitCode.OK: 0> testsfailed=0 testscollected=0>
          config: <_pytest.config.Config object at 0x1011d89d0>
          items: [<TestCaseFunction test_load_data>, <Function test_data_preprocessing>]
      finish pytest_collection_modifyitems --> [] [hook]
      pytest_collection_finish [hook]
          session: <Session  exitstatus=<ExitCode.OK: 0> testsfailed=0 testscollected=0>
        pytest_report_collectionfinish [hook]
            config: <_pytest.config.Config object at 0x1011d89d0>
            items: [<TestCaseFunction test_load_data>, <Function test_data_preprocessing>]
            start_path: /Users/leticiacolombo/PythonProjects/forecasting-promocional
            startdir: /Users/leticiacolombo/PythonProjects/forecasting-promocional
        finish pytest_report_collectionfinish --> [] [hook]
      finish pytest_collection_finish --> [] [hook]
      pytest_warning_recorded [hook]
          warning_message: {message : FutureIncompatibilityWarning("\n\nThis is a future version incompatibility warning from Python Holidays library v0.54\nto inform you about an upcoming change in our API versioning strategy that may affect your\nproject's dependencies. Starting from version 1.0 onwards, we will be following a loose form of\nSemantic Versioning (SemVer, https://semver.org) to provide clearer communication regarding any\npotential breaking changes.\n\nThis means that while we strive to maintain backward compatibility, there might be occasional\nupdates that introduce breaking changes to our API. To ensure the stability of your projects,\nwe highly recommend pinning the version of our API that you rely on. You can pin your current\nholidays v0.x dependency (e.g., holidays==0.54) or limit it (e.g., holidays<1.0) in order to\navoid potentially unwanted upgrade to the version 1.0 when it's released (ETA 2024Q4 - 2025Q1).\n\nIf you have any questions or concerns regarding this change, please don't hesitate to reach out\nto us via https://github.com/vacanza/python-holidays/discussions/1800.\n"), category : 'FutureIncompatibilityWarning', filename : '/Users/leticiacolombo/PythonProjects/forecasting-promocional/.venv/lib/python3.10/site-packages/holidays/__init__.py', lineno : 32, line : None}
          nodeid: 
          when: collect
          location: None
      finish pytest_warning_recorded --> [] [hook]
    finish pytest_collection --> None [hook]
    pytest_runtestloop [hook]
        session: <Session  exitstatus=<ExitCode.OK: 0> testsfailed=0 testscollected=2>
      pytest_runtest_protocol [hook]
          item: <TestCaseFunction test_load_data>
          nextitem: <Function test_data_preprocessing>
        pytest_runtest_logstart [hook]
            nodeid: tests/test_data_ingestion_test.py::TestLoadDataVentas::test_load_data
            location: ('tests/test_data_ingestion_test.py', 7, 'TestLoadDataVentas.test_load_data')
        finish pytest_runtest_logstart --> [] [hook]
        pytest_runtest_setup [hook]
            item: <TestCaseFunction test_load_data>
          pytest_fixture_setup [hook]
              fixturedef: <FixtureDef argname='_unittest_setUpClass_fixture_TestLoadDataVentas' scope='class' baseid='tests/test_data_ingestion_test.py::TestLoadDataVentas'>
              request: <SubRequest '_unittest_setUpClass_fixture_TestLoadDataVentas' for <TestCaseFunction test_load_data>>
          finish pytest_fixture_setup --> None [hook]
        finish pytest_runtest_setup --> None [hook]
        pytest_runtest_makereport [hook]
            item: <TestCaseFunction test_load_data>
            call: <CallInfo when='setup' result: None>
        finish pytest_runtest_makereport --> <TestReport 'tests/test_data_ingestion_test.py::TestLoadDataVentas::test_load_data' when='setup' outcome='passed'> [hook]
        pytest_runtest_logreport [hook]
            report: <TestReport 'tests/test_data_ingestion_test.py::TestLoadDataVentas::test_load_data' when='setup' outcome='passed'>
          pytest_report_teststatus [hook]
              report: <TestReport 'tests/test_data_ingestion_test.py::TestLoadDataVentas::test_load_data' when='setup' outcome='passed'>
              config: <_pytest.config.Config object at 0x1011d89d0>
          finish pytest_report_teststatus --> ('', '', '') [hook]
        finish pytest_runtest_logreport --> [] [hook]
        pytest_runtest_call [hook]
            item: <TestCaseFunction test_load_data>
        early skip of rewriting module: data_ingestion [assertion]
        finish pytest_runtest_call --> None [hook]
        pytest_runtest_makereport [hook]
            item: <TestCaseFunction test_load_data>
            call: <CallInfo when='call' result: None>
        finish pytest_runtest_makereport --> <TestReport 'tests/test_data_ingestion_test.py::TestLoadDataVentas::test_load_data' when='call' outcome='failed'> [hook]
        pytest_runtest_logreport [hook]
            report: <TestReport 'tests/test_data_ingestion_test.py::TestLoadDataVentas::test_load_data' when='call' outcome='failed'>
          pytest_report_teststatus [hook]
              report: <TestReport 'tests/test_data_ingestion_test.py::TestLoadDataVentas::test_load_data' when='call' outcome='failed'>
              config: <_pytest.config.Config object at 0x1011d89d0>
          finish pytest_report_teststatus --> ('failed', 'F', 'FAILED') [hook]
        finish pytest_runtest_logreport --> [] [hook]
        pytest_exception_interact [hook]
            node: <TestCaseFunction test_load_data>
            call: <CallInfo when='call' excinfo=<ExceptionInfo ModuleNotFoundError("No module named 'data_ingestion'") tblen=10>>
            report: <TestReport 'tests/test_data_ingestion_test.py::TestLoadDataVentas::test_load_data' when='call' outcome='failed'>
        finish pytest_exception_interact --> [] [hook]
        pytest_runtest_teardown [hook]
            item: <TestCaseFunction test_load_data>
            nextitem: <Function test_data_preprocessing>
          pytest_fixture_post_finalizer [hook]
              fixturedef: <FixtureDef argname='_unittest_setUpClass_fixture_TestLoadDataVentas' scope='class' baseid='tests/test_data_ingestion_test.py::TestLoadDataVentas'>
              request: <SubRequest '_unittest_setUpClass_fixture_TestLoadDataVentas' for <TestCaseFunction test_load_data>>
          finish pytest_fixture_post_finalizer --> [] [hook]
        finish pytest_runtest_teardown --> None [hook]
        pytest_runtest_makereport [hook]
            item: <TestCaseFunction test_load_data>
            call: <CallInfo when='teardown' result: None>
        finish pytest_runtest_makereport --> <TestReport 'tests/test_data_ingestion_test.py::TestLoadDataVentas::test_load_data' when='teardown' outcome='passed'> [hook]
        pytest_runtest_logreport [hook]
            report: <TestReport 'tests/test_data_ingestion_test.py::TestLoadDataVentas::test_load_data' when='teardown' outcome='passed'>
          pytest_report_teststatus [hook]
              report: <TestReport 'tests/test_data_ingestion_test.py::TestLoadDataVentas::test_load_data' when='teardown' outcome='passed'>
              config: <_pytest.config.Config object at 0x1011d89d0>
          finish pytest_report_teststatus --> ('', '', '') [hook]
        finish pytest_runtest_logreport --> [] [hook]
        pytest_runtest_logfinish [hook]
            nodeid: tests/test_data_ingestion_test.py::TestLoadDataVentas::test_load_data
            location: ('tests/test_data_ingestion_test.py', 7, 'TestLoadDataVentas.test_load_data')
        finish pytest_runtest_logfinish --> [] [hook]
      finish pytest_runtest_protocol --> True [hook]
      pytest_runtest_protocol [hook]
          item: <Function test_data_preprocessing>
          nextitem: None
        pytest_runtest_logstart [hook]
            nodeid: tests/test_data_preprocessing.py::test_data_preprocessing
            location: ('test/test_data_preprocessing.py', 59, 'test_data_preprocessing')
        finish pytest_runtest_logstart --> [] [hook]
        pytest_runtest_setup [hook]
            item: <Function test_data_preprocessing>
          pytest_fixture_setup [hook]
              fixturedef: <FixtureDef argname='spark' scope='module' baseid='tests/test_data_preprocessing.py'>
              request: <SubRequest 'spark' for <Function test_data_preprocessing>>
          finish pytest_fixture_setup --> <pyspark.sql.session.SparkSession object at 0x13bb01ea0> [hook]
          pytest_fixture_setup [hook]
              fixturedef: <FixtureDef argname='sample_data' scope='function' baseid='tests/test_data_preprocessing.py'>
              request: <SubRequest 'sample_data' for <Function test_data_preprocessing>>
          early skip of rewriting module: distutils [assertion]
          early skip of rewriting module: setuptools [assertion]
          early skip of rewriting module: _distutils_hack.override [assertion]
          early skip of rewriting module: setuptools._distutils [assertion]
          early skip of rewriting module: _distutils_system_mod [assertion]
          early skip of rewriting module: distutils.core [assertion]
          early skip of rewriting module: distutils.debug [assertion]
          early skip of rewriting module: distutils.errors [assertion]
          early skip of rewriting module: distutils.dist [assertion]
          early skip of rewriting module: distutils.fancy_getopt [assertion]
          early skip of rewriting module: getopt [assertion]
          early skip of rewriting module: distutils.util [assertion]
          early skip of rewriting module: distutils.dep_util [assertion]
          early skip of rewriting module: distutils.spawn [assertion]
          early skip of rewriting module: distutils._log [assertion]
          early skip of rewriting module: distutils.cmd [assertion]
          early skip of rewriting module: distutils.dir_util [assertion]
          early skip of rewriting module: distutils.file_util [assertion]
          early skip of rewriting module: distutils.archive_util [assertion]
          early skip of rewriting module: distutils.config [assertion]
          early skip of rewriting module: configparser [assertion]
          early skip of rewriting module: distutils.extension [assertion]
          early skip of rewriting module: setuptools.logging [assertion]
          early skip of rewriting module: distutils.log [assertion]
          early skip of rewriting module: setuptools.monkey [assertion]
          early skip of rewriting module: distutils.filelist [assertion]
          early skip of rewriting module: setuptools.version [assertion]
          early skip of rewriting module: setuptools._importlib [assertion]
          early skip of rewriting module: importlib.resources [assertion]
          early skip of rewriting module: importlib._common [assertion]
          early skip of rewriting module: importlib._adapters [assertion]
          early skip of rewriting module: email.parser [assertion]
          early skip of rewriting module: email.feedparser [assertion]
          early skip of rewriting module: setuptools.depends [assertion]
          early skip of rewriting module: setuptools._imp [assertion]
          early skip of rewriting module: setuptools.extern [assertion]
          early skip of rewriting module: setuptools.extern.packaging [assertion]
          early skip of rewriting module: setuptools._vendor [assertion]
          early skip of rewriting module: setuptools._vendor.packaging [assertion]
          early skip of rewriting module: setuptools.extern.packaging.version [assertion]
          early skip of rewriting module: setuptools.extern.packaging._structures [assertion]
          early skip of rewriting module: setuptools.discovery [assertion]
          early skip of rewriting module: setuptools.dist [assertion]
          early skip of rewriting module: distutils.command [assertion]
          early skip of rewriting module: setuptools.extern.more_itertools [assertion]
          early skip of rewriting module: setuptools._vendor.more_itertools [assertion]
          early skip of rewriting module: setuptools._vendor.more_itertools.more [assertion]
          early skip of rewriting module: setuptools._vendor.more_itertools.recipes [assertion]
          early skip of rewriting module: setuptools.extern.ordered_set [assertion]
          early skip of rewriting module: setuptools._vendor.ordered_set [assertion]
          early skip of rewriting module: setuptools.extern.packaging.markers [assertion]
          early skip of rewriting module: setuptools.extern.packaging._parser [assertion]
          early skip of rewriting module: setuptools.extern.packaging._tokenizer [assertion]
          early skip of rewriting module: setuptools.extern.packaging.specifiers [assertion]
          early skip of rewriting module: setuptools.extern.packaging.utils [assertion]
          early skip of rewriting module: setuptools.extern.packaging.tags [assertion]
          early skip of rewriting module: setuptools._vendor.packaging._manylinux [assertion]
          early skip of rewriting module: setuptools._vendor.packaging._elffile [assertion]
          early skip of rewriting module: setuptools._vendor.packaging._musllinux [assertion]
          early skip of rewriting module: setuptools._entry_points [assertion]
          early skip of rewriting module: setuptools.errors [assertion]
          early skip of rewriting module: setuptools.extern.jaraco [assertion]
          early skip of rewriting module: setuptools._vendor.jaraco [assertion]
          early skip of rewriting module: setuptools.extern.jaraco.text [assertion]
          early skip of rewriting module: setuptools.extern.jaraco.functools [assertion]
          early skip of rewriting module: setuptools.extern.jaraco.context [assertion]
          early skip of rewriting module: setuptools._itertools [assertion]
          early skip of rewriting module: setuptools._normalization [assertion]
          early skip of rewriting module: setuptools.warnings [assertion]
          early skip of rewriting module: setuptools._reqs [assertion]
          early skip of rewriting module: setuptools.extern.packaging.requirements [assertion]
          early skip of rewriting module: setuptools.command [assertion]
          early skip of rewriting module: distutils.command.bdist [assertion]
          early skip of rewriting module: setuptools.config [assertion]
          early skip of rewriting module: setuptools.config.setupcfg [assertion]
          early skip of rewriting module: setuptools.config.expand [assertion]
          early skip of rewriting module: setuptools._path [assertion]
          early skip of rewriting module: setuptools.config.pyprojecttoml [assertion]
          early skip of rewriting module: setuptools.config._apply_pyprojecttoml [assertion]
          early skip of rewriting module: email.headerregistry [assertion]
          early skip of rewriting module: email._header_value_parser [assertion]
          early skip of rewriting module: setuptools.extension [assertion]
          early skip of rewriting module: setuptools._core_metadata [assertion]
          early skip of rewriting module: setuptools.msvc [assertion]
          early skip of rewriting module: distutils.version [assertion]
          finish pytest_fixture_setup --> DataFrame[sk_dia: int, sk_mes: int, sk_material: int, sk_tienda: int, desc_material: string, desc_grupo_articulo: string, desc_categoria: string, sk_categoria: int, mto_venta_neta: float, mto_venta_neta_promocion: float, cnt_venta: float, cnt_venta_promocion: float] [hook]
        finish pytest_runtest_setup --> None [hook]
        pytest_runtest_makereport [hook]
            item: <Function test_data_preprocessing>
            call: <CallInfo when='setup' result: None>
        finish pytest_runtest_makereport --> <TestReport 'tests/test_data_preprocessing.py::test_data_preprocessing' when='setup' outcome='passed'> [hook]
        pytest_runtest_logreport [hook]
            report: <TestReport 'tests/test_data_preprocessing.py::test_data_preprocessing' when='setup' outcome='passed'>
          pytest_report_teststatus [hook]
              report: <TestReport 'tests/test_data_preprocessing.py::test_data_preprocessing' when='setup' outcome='passed'>
              config: <_pytest.config.Config object at 0x1011d89d0>
          finish pytest_report_teststatus --> ('', '', '') [hook]
        finish pytest_runtest_logreport --> [] [hook]
        pytest_runtest_call [hook]
            item: <Function test_data_preprocessing>
          pytest_pyfunc_call [hook]
              pyfuncitem: <Function test_data_preprocessing>
        pytest_runtest_makereport [hook]
            item: <Function test_data_preprocessing>
            call: <CallInfo when='call' excinfo=<ExceptionInfo PythonException('\n  An exception was thrown from the Python worker. Please see the stack trace below.\nTraceback (mos...nt.ThreadPoolExecutor$Worker.run(ThreadPoolExecutor.java:635)\n\tat java.base/java.lang.Thread.run(Thread.java:833)\n') tblen=38>>
        finish pytest_runtest_makereport --> <TestReport 'tests/test_data_preprocessing.py::test_data_preprocessing' when='call' outcome='failed'> [hook]
        pytest_runtest_logreport [hook]
            report: <TestReport 'tests/test_data_preprocessing.py::test_data_preprocessing' when='call' outcome='failed'>
          pytest_report_teststatus [hook]
              report: <TestReport 'tests/test_data_preprocessing.py::test_data_preprocessing' when='call' outcome='failed'>
              config: <_pytest.config.Config object at 0x1011d89d0>
          finish pytest_report_teststatus --> ('failed', 'F', 'FAILED') [hook]
        finish pytest_runtest_logreport --> [] [hook]
        pytest_exception_interact [hook]
            node: <Function test_data_preprocessing>
            call: <CallInfo when='call' excinfo=<ExceptionInfo PythonException('\n  An exception was thrown from the Python worker. Please see the stack trace below.\nTraceback (mos...nt.ThreadPoolExecutor$Worker.run(ThreadPoolExecutor.java:635)\n\tat java.base/java.lang.Thread.run(Thread.java:833)\n') tblen=38>>
            report: <TestReport 'tests/test_data_preprocessing.py::test_data_preprocessing' when='call' outcome='failed'>
        finish pytest_exception_interact --> [] [hook]
        pytest_runtest_teardown [hook]
            item: <Function test_data_preprocessing>
            nextitem: None
          pytest_fixture_post_finalizer [hook]
              fixturedef: <FixtureDef argname='sample_data' scope='function' baseid='tests/test_data_preprocessing.py'>
              request: <SubRequest 'sample_data' for <Function test_data_preprocessing>>
          finish pytest_fixture_post_finalizer --> [] [hook]
          pytest_fixture_post_finalizer [hook]
              fixturedef: <FixtureDef argname='sample_data' scope='function' baseid='tests/test_data_preprocessing.py'>
              request: <SubRequest 'sample_data' for <Function test_data_preprocessing>>
          finish pytest_fixture_post_finalizer --> [] [hook]
          pytest_fixture_post_finalizer [hook]
              fixturedef: <FixtureDef argname='spark' scope='module' baseid='tests/test_data_preprocessing.py'>
              request: <SubRequest 'spark' for <Function test_data_preprocessing>>
          finish pytest_fixture_post_finalizer --> [] [hook]
        finish pytest_runtest_teardown --> None [hook]
        pytest_runtest_makereport [hook]
            item: <Function test_data_preprocessing>
            call: <CallInfo when='teardown' result: None>
        finish pytest_runtest_makereport --> <TestReport 'tests/test_data_preprocessing.py::test_data_preprocessing' when='teardown' outcome='passed'> [hook]
        pytest_runtest_logreport [hook]
            report: <TestReport 'tests/test_data_preprocessing.py::test_data_preprocessing' when='teardown' outcome='passed'>
          pytest_report_teststatus [hook]
              report: <TestReport 'tests/test_data_preprocessing.py::test_data_preprocessing' when='teardown' outcome='passed'>
              config: <_pytest.config.Config object at 0x1011d89d0>
          finish pytest_report_teststatus --> ('', '', '') [hook]
        finish pytest_runtest_logreport --> [] [hook]
        pytest_runtest_logfinish [hook]
            nodeid: tests/test_data_preprocessing.py::test_data_preprocessing
            location: ('test/test_data_preprocessing.py', 59, 'test_data_preprocessing')
        finish pytest_runtest_logfinish --> [] [hook]
        pytest_warning_recorded [hook]
            warning_message: {message : DeprecationWarning('distutils Version classes are deprecated. Use packaging.version instead.'), category : 'DeprecationWarning', filename : '/Users/leticiacolombo/PythonProjects/forecasting-promocional/.venv/lib/python3.10/site-packages/pyspark/sql/pandas/utils.py', lineno : 37, line : None}
            nodeid: tests/test_data_preprocessing.py::test_data_preprocessing
            when: runtest
            location: None
        finish pytest_warning_recorded --> [] [hook]
        pytest_warning_recorded [hook]
            warning_message: {message : DeprecationWarning('distutils Version classes are deprecated. Use packaging.version instead.'), category : 'DeprecationWarning', filename : '/Users/leticiacolombo/PythonProjects/forecasting-promocional/.venv/lib/python3.10/site-packages/pyspark/sql/pandas/utils.py', lineno : 37, line : None}
            nodeid: tests/test_data_preprocessing.py::test_data_preprocessing
            when: runtest
            location: None
        finish pytest_warning_recorded --> [] [hook]
        pytest_warning_recorded [hook]
            warning_message: {message : DeprecationWarning('distutils Version classes are deprecated. Use packaging.version instead.'), category : 'DeprecationWarning', filename : '/Users/leticiacolombo/PythonProjects/forecasting-promocional/.venv/lib/python3.10/site-packages/pyspark/sql/pandas/utils.py', lineno : 37, line : None}
            nodeid: tests/test_data_preprocessing.py::test_data_preprocessing
            when: runtest
            location: None
        finish pytest_warning_recorded --> [] [hook]
        pytest_warning_recorded [hook]
            warning_message: {message : DeprecationWarning('distutils Version classes are deprecated. Use packaging.version instead.'), category : 'DeprecationWarning', filename : '/Users/leticiacolombo/PythonProjects/forecasting-promocional/.venv/lib/python3.10/site-packages/pyspark/sql/pandas/utils.py', lineno : 37, line : None}
            nodeid: tests/test_data_preprocessing.py::test_data_preprocessing
            when: runtest
            location: None
        finish pytest_warning_recorded --> [] [hook]
        pytest_warning_recorded [hook]
            warning_message: {message : DeprecationWarning('distutils Version classes are deprecated. Use packaging.version instead.'), category : 'DeprecationWarning', filename : '/Users/leticiacolombo/PythonProjects/forecasting-promocional/.venv/lib/python3.10/site-packages/pyspark/sql/pandas/utils.py', lineno : 64, line : None}
            nodeid: tests/test_data_preprocessing.py::test_data_preprocessing
            when: runtest
            location: None
        finish pytest_warning_recorded --> [] [hook]
        pytest_warning_recorded [hook]
            warning_message: {message : DeprecationWarning('distutils Version classes are deprecated. Use packaging.version instead.'), category : 'DeprecationWarning', filename : '/Users/leticiacolombo/PythonProjects/forecasting-promocional/.venv/lib/python3.10/site-packages/pyspark/sql/pandas/utils.py', lineno : 64, line : None}
            nodeid: tests/test_data_preprocessing.py::test_data_preprocessing
            when: runtest
            location: None
        finish pytest_warning_recorded --> [] [hook]
        pytest_warning_recorded [hook]
            warning_message: {message : DeprecationWarning('distutils Version classes are deprecated. Use packaging.version instead.'), category : 'DeprecationWarning', filename : '/Users/leticiacolombo/PythonProjects/forecasting-promocional/.venv/lib/python3.10/site-packages/pyspark/sql/pandas/utils.py', lineno : 37, line : None}
            nodeid: tests/test_data_preprocessing.py::test_data_preprocessing
            when: runtest
            location: None
        finish pytest_warning_recorded --> [] [hook]
        pytest_warning_recorded [hook]
            warning_message: {message : DeprecationWarning('distutils Version classes are deprecated. Use packaging.version instead.'), category : 'DeprecationWarning', filename : '/Users/leticiacolombo/PythonProjects/forecasting-promocional/.venv/lib/python3.10/site-packages/pyspark/sql/pandas/utils.py', lineno : 37, line : None}
            nodeid: tests/test_data_preprocessing.py::test_data_preprocessing
            when: runtest
            location: None
        finish pytest_warning_recorded --> [] [hook]
        pytest_warning_recorded [hook]
            warning_message: {message : DeprecationWarning('distutils Version classes are deprecated. Use packaging.version instead.'), category : 'DeprecationWarning', filename : '/Users/leticiacolombo/PythonProjects/forecasting-promocional/.venv/lib/python3.10/site-packages/pyspark/sql/pandas/utils.py', lineno : 64, line : None}
            nodeid: tests/test_data_preprocessing.py::test_data_preprocessing
            when: runtest
            location: None
        finish pytest_warning_recorded --> [] [hook]
        pytest_warning_recorded [hook]
            warning_message: {message : DeprecationWarning('distutils Version classes are deprecated. Use packaging.version instead.'), category : 'DeprecationWarning', filename : '/Users/leticiacolombo/PythonProjects/forecasting-promocional/.venv/lib/python3.10/site-packages/pyspark/sql/pandas/utils.py', lineno : 64, line : None}
            nodeid: tests/test_data_preprocessing.py::test_data_preprocessing
            when: runtest
            location: None
        finish pytest_warning_recorded --> [] [hook]
        pytest_warning_recorded [hook]
            warning_message: {message : DeprecationWarning('distutils Version classes are deprecated. Use packaging.version instead.'), category : 'DeprecationWarning', filename : '/Users/leticiacolombo/PythonProjects/forecasting-promocional/.venv/lib/python3.10/site-packages/pyspark/sql/pandas/utils.py', lineno : 37, line : None}
            nodeid: tests/test_data_preprocessing.py::test_data_preprocessing
            when: runtest
            location: None
        finish pytest_warning_recorded --> [] [hook]
        pytest_warning_recorded [hook]
            warning_message: {message : DeprecationWarning('distutils Version classes are deprecated. Use packaging.version instead.'), category : 'DeprecationWarning', filename : '/Users/leticiacolombo/PythonProjects/forecasting-promocional/.venv/lib/python3.10/site-packages/pyspark/sql/pandas/utils.py', lineno : 37, line : None}
            nodeid: tests/test_data_preprocessing.py::test_data_preprocessing
            when: runtest
            location: None
        finish pytest_warning_recorded --> [] [hook]
        pytest_warning_recorded [hook]
            warning_message: {message : DeprecationWarning('distutils Version classes are deprecated. Use packaging.version instead.'), category : 'DeprecationWarning', filename : '/Users/leticiacolombo/PythonProjects/forecasting-promocional/.venv/lib/python3.10/site-packages/pyspark/sql/pandas/utils.py', lineno : 64, line : None}
            nodeid: tests/test_data_preprocessing.py::test_data_preprocessing
            when: runtest
            location: None
        finish pytest_warning_recorded --> [] [hook]
        pytest_warning_recorded [hook]
            warning_message: {message : DeprecationWarning('distutils Version classes are deprecated. Use packaging.version instead.'), category : 'DeprecationWarning', filename : '/Users/leticiacolombo/PythonProjects/forecasting-promocional/.venv/lib/python3.10/site-packages/pyspark/sql/pandas/utils.py', lineno : 64, line : None}
            nodeid: tests/test_data_preprocessing.py::test_data_preprocessing
            when: runtest
            location: None
        finish pytest_warning_recorded --> [] [hook]
        pytest_warning_recorded [hook]
            warning_message: {message : DeprecationWarning('distutils Version classes are deprecated. Use packaging.version instead.'), category : 'DeprecationWarning', filename : '/Users/leticiacolombo/PythonProjects/forecasting-promocional/.venv/lib/python3.10/site-packages/pyspark/sql/pandas/utils.py', lineno : 37, line : None}
            nodeid: tests/test_data_preprocessing.py::test_data_preprocessing
            when: runtest
            location: None
        finish pytest_warning_recorded --> [] [hook]
        pytest_warning_recorded [hook]
            warning_message: {message : DeprecationWarning('distutils Version classes are deprecated. Use packaging.version instead.'), category : 'DeprecationWarning', filename : '/Users/leticiacolombo/PythonProjects/forecasting-promocional/.venv/lib/python3.10/site-packages/pyspark/sql/pandas/utils.py', lineno : 37, line : None}
            nodeid: tests/test_data_preprocessing.py::test_data_preprocessing
            when: runtest
            location: None
        finish pytest_warning_recorded --> [] [hook]
        pytest_warning_recorded [hook]
            warning_message: {message : DeprecationWarning('distutils Version classes are deprecated. Use packaging.version instead.'), category : 'DeprecationWarning', filename : '/Users/leticiacolombo/PythonProjects/forecasting-promocional/.venv/lib/python3.10/site-packages/pyspark/sql/pandas/utils.py', lineno : 64, line : None}
            nodeid: tests/test_data_preprocessing.py::test_data_preprocessing
            when: runtest
            location: None
        finish pytest_warning_recorded --> [] [hook]
        pytest_warning_recorded [hook]
            warning_message: {message : DeprecationWarning('distutils Version classes are deprecated. Use packaging.version instead.'), category : 'DeprecationWarning', filename : '/Users/leticiacolombo/PythonProjects/forecasting-promocional/.venv/lib/python3.10/site-packages/pyspark/sql/pandas/utils.py', lineno : 64, line : None}
            nodeid: tests/test_data_preprocessing.py::test_data_preprocessing
            when: runtest
            location: None
        finish pytest_warning_recorded --> [] [hook]
        pytest_warning_recorded [hook]
            warning_message: {message : DeprecationWarning('distutils Version classes are deprecated. Use packaging.version instead.'), category : 'DeprecationWarning', filename : '/Users/leticiacolombo/PythonProjects/forecasting-promocional/.venv/lib/python3.10/site-packages/pyspark/sql/pandas/utils.py', lineno : 37, line : None}
            nodeid: tests/test_data_preprocessing.py::test_data_preprocessing
            when: runtest
            location: None
        finish pytest_warning_recorded --> [] [hook]
        pytest_warning_recorded [hook]
            warning_message: {message : DeprecationWarning('distutils Version classes are deprecated. Use packaging.version instead.'), category : 'DeprecationWarning', filename : '/Users/leticiacolombo/PythonProjects/forecasting-promocional/.venv/lib/python3.10/site-packages/pyspark/sql/pandas/utils.py', lineno : 37, line : None}
            nodeid: tests/test_data_preprocessing.py::test_data_preprocessing
            when: runtest
            location: None
        finish pytest_warning_recorded --> [] [hook]
        pytest_warning_recorded [hook]
            warning_message: {message : DeprecationWarning('distutils Version classes are deprecated. Use packaging.version instead.'), category : 'DeprecationWarning', filename : '/Users/leticiacolombo/PythonProjects/forecasting-promocional/.venv/lib/python3.10/site-packages/pyspark/sql/pandas/utils.py', lineno : 64, line : None}
            nodeid: tests/test_data_preprocessing.py::test_data_preprocessing
            when: runtest
            location: None
        finish pytest_warning_recorded --> [] [hook]
        pytest_warning_recorded [hook]
            warning_message: {message : DeprecationWarning('distutils Version classes are deprecated. Use packaging.version instead.'), category : 'DeprecationWarning', filename : '/Users/leticiacolombo/PythonProjects/forecasting-promocional/.venv/lib/python3.10/site-packages/pyspark/sql/pandas/utils.py', lineno : 64, line : None}
            nodeid: tests/test_data_preprocessing.py::test_data_preprocessing
            when: runtest
            location: None
        finish pytest_warning_recorded --> [] [hook]
        pytest_warning_recorded [hook]
            warning_message: {message : DeprecationWarning('distutils Version classes are deprecated. Use packaging.version instead.'), category : 'DeprecationWarning', filename : '/Users/leticiacolombo/PythonProjects/forecasting-promocional/.venv/lib/python3.10/site-packages/pyspark/sql/pandas/utils.py', lineno : 37, line : None}
            nodeid: tests/test_data_preprocessing.py::test_data_preprocessing
            when: runtest
            location: None
        finish pytest_warning_recorded --> [] [hook]
        pytest_warning_recorded [hook]
            warning_message: {message : DeprecationWarning('distutils Version classes are deprecated. Use packaging.version instead.'), category : 'DeprecationWarning', filename : '/Users/leticiacolombo/PythonProjects/forecasting-promocional/.venv/lib/python3.10/site-packages/pyspark/sql/pandas/utils.py', lineno : 37, line : None}
            nodeid: tests/test_data_preprocessing.py::test_data_preprocessing
            when: runtest
            location: None
        finish pytest_warning_recorded --> [] [hook]
        pytest_warning_recorded [hook]
            warning_message: {message : DeprecationWarning('distutils Version classes are deprecated. Use packaging.version instead.'), category : 'DeprecationWarning', filename : '/Users/leticiacolombo/PythonProjects/forecasting-promocional/.venv/lib/python3.10/site-packages/pyspark/sql/pandas/utils.py', lineno : 64, line : None}
            nodeid: tests/test_data_preprocessing.py::test_data_preprocessing
            when: runtest
            location: None
        finish pytest_warning_recorded --> [] [hook]
        pytest_warning_recorded [hook]
            warning_message: {message : DeprecationWarning('distutils Version classes are deprecated. Use packaging.version instead.'), category : 'DeprecationWarning', filename : '/Users/leticiacolombo/PythonProjects/forecasting-promocional/.venv/lib/python3.10/site-packages/pyspark/sql/pandas/utils.py', lineno : 64, line : None}
            nodeid: tests/test_data_preprocessing.py::test_data_preprocessing
            when: runtest
            location: None
        finish pytest_warning_recorded --> [] [hook]
        pytest_warning_recorded [hook]
            warning_message: {message : DeprecationWarning('distutils Version classes are deprecated. Use packaging.version instead.'), category : 'DeprecationWarning', filename : '/Users/leticiacolombo/PythonProjects/forecasting-promocional/.venv/lib/python3.10/site-packages/pyspark/sql/pandas/utils.py', lineno : 37, line : None}
            nodeid: tests/test_data_preprocessing.py::test_data_preprocessing
            when: runtest
            location: None
        finish pytest_warning_recorded --> [] [hook]
        pytest_warning_recorded [hook]
            warning_message: {message : DeprecationWarning('distutils Version classes are deprecated. Use packaging.version instead.'), category : 'DeprecationWarning', filename : '/Users/leticiacolombo/PythonProjects/forecasting-promocional/.venv/lib/python3.10/site-packages/pyspark/sql/pandas/utils.py', lineno : 37, line : None}
            nodeid: tests/test_data_preprocessing.py::test_data_preprocessing
            when: runtest
            location: None
        finish pytest_warning_recorded --> [] [hook]
        pytest_warning_recorded [hook]
            warning_message: {message : DeprecationWarning('distutils Version classes are deprecated. Use packaging.version instead.'), category : 'DeprecationWarning', filename : '/Users/leticiacolombo/PythonProjects/forecasting-promocional/.venv/lib/python3.10/site-packages/pyspark/sql/pandas/utils.py', lineno : 64, line : None}
            nodeid: tests/test_data_preprocessing.py::test_data_preprocessing
            when: runtest
            location: None
        finish pytest_warning_recorded --> [] [hook]
        pytest_warning_recorded [hook]
            warning_message: {message : DeprecationWarning('distutils Version classes are deprecated. Use packaging.version instead.'), category : 'DeprecationWarning', filename : '/Users/leticiacolombo/PythonProjects/forecasting-promocional/.venv/lib/python3.10/site-packages/pyspark/sql/pandas/utils.py', lineno : 64, line : None}
            nodeid: tests/test_data_preprocessing.py::test_data_preprocessing
            when: runtest
            location: None
        finish pytest_warning_recorded --> [] [hook]
        pytest_warning_recorded [hook]
            warning_message: {message : DeprecationWarning('distutils Version classes are deprecated. Use packaging.version instead.'), category : 'DeprecationWarning', filename : '/Users/leticiacolombo/PythonProjects/forecasting-promocional/.venv/lib/python3.10/site-packages/pyspark/sql/pandas/utils.py', lineno : 37, line : None}
            nodeid: tests/test_data_preprocessing.py::test_data_preprocessing
            when: runtest
            location: None
        finish pytest_warning_recorded --> [] [hook]
        pytest_warning_recorded [hook]
            warning_message: {message : DeprecationWarning('distutils Version classes are deprecated. Use packaging.version instead.'), category : 'DeprecationWarning', filename : '/Users/leticiacolombo/PythonProjects/forecasting-promocional/.venv/lib/python3.10/site-packages/pyspark/sql/pandas/utils.py', lineno : 37, line : None}
            nodeid: tests/test_data_preprocessing.py::test_data_preprocessing
            when: runtest
            location: None
        finish pytest_warning_recorded --> [] [hook]
        pytest_warning_recorded [hook]
            warning_message: {message : DeprecationWarning('distutils Version classes are deprecated. Use packaging.version instead.'), category : 'DeprecationWarning', filename : '/Users/leticiacolombo/PythonProjects/forecasting-promocional/.venv/lib/python3.10/site-packages/pyspark/sql/pandas/utils.py', lineno : 64, line : None}
            nodeid: tests/test_data_preprocessing.py::test_data_preprocessing
            when: runtest
            location: None
        finish pytest_warning_recorded --> [] [hook]
        pytest_warning_recorded [hook]
            warning_message: {message : DeprecationWarning('distutils Version classes are deprecated. Use packaging.version instead.'), category : 'DeprecationWarning', filename : '/Users/leticiacolombo/PythonProjects/forecasting-promocional/.venv/lib/python3.10/site-packages/pyspark/sql/pandas/utils.py', lineno : 64, line : None}
            nodeid: tests/test_data_preprocessing.py::test_data_preprocessing
            when: runtest
            location: None
        finish pytest_warning_recorded --> [] [hook]
        pytest_warning_recorded [hook]
            warning_message: {message : DeprecationWarning('distutils Version classes are deprecated. Use packaging.version instead.'), category : 'DeprecationWarning', filename : '/Users/leticiacolombo/PythonProjects/forecasting-promocional/.venv/lib/python3.10/site-packages/pyspark/sql/pandas/utils.py', lineno : 37, line : None}
            nodeid: tests/test_data_preprocessing.py::test_data_preprocessing
            when: runtest
            location: None
        finish pytest_warning_recorded --> [] [hook]
        pytest_warning_recorded [hook]
            warning_message: {message : DeprecationWarning('distutils Version classes are deprecated. Use packaging.version instead.'), category : 'DeprecationWarning', filename : '/Users/leticiacolombo/PythonProjects/forecasting-promocional/.venv/lib/python3.10/site-packages/pyspark/sql/pandas/utils.py', lineno : 37, line : None}
            nodeid: tests/test_data_preprocessing.py::test_data_preprocessing
            when: runtest
            location: None
        finish pytest_warning_recorded --> [] [hook]
        pytest_warning_recorded [hook]
            warning_message: {message : DeprecationWarning('distutils Version classes are deprecated. Use packaging.version instead.'), category : 'DeprecationWarning', filename : '/Users/leticiacolombo/PythonProjects/forecasting-promocional/.venv/lib/python3.10/site-packages/pyspark/sql/pandas/utils.py', lineno : 64, line : None}
            nodeid: tests/test_data_preprocessing.py::test_data_preprocessing
            when: runtest
            location: None
        finish pytest_warning_recorded --> [] [hook]
        pytest_warning_recorded [hook]
            warning_message: {message : DeprecationWarning('distutils Version classes are deprecated. Use packaging.version instead.'), category : 'DeprecationWarning', filename : '/Users/leticiacolombo/PythonProjects/forecasting-promocional/.venv/lib/python3.10/site-packages/pyspark/sql/pandas/utils.py', lineno : 64, line : None}
            nodeid: tests/test_data_preprocessing.py::test_data_preprocessing
            when: runtest
            location: None
        finish pytest_warning_recorded --> [] [hook]
        pytest_warning_recorded [hook]
            warning_message: {message : DeprecationWarning('distutils Version classes are deprecated. Use packaging.version instead.'), category : 'DeprecationWarning', filename : '/Users/leticiacolombo/PythonProjects/forecasting-promocional/.venv/lib/python3.10/site-packages/pyspark/sql/pandas/utils.py', lineno : 37, line : None}
            nodeid: tests/test_data_preprocessing.py::test_data_preprocessing
            when: runtest
            location: None
        finish pytest_warning_recorded --> [] [hook]
        pytest_warning_recorded [hook]
            warning_message: {message : DeprecationWarning('distutils Version classes are deprecated. Use packaging.version instead.'), category : 'DeprecationWarning', filename : '/Users/leticiacolombo/PythonProjects/forecasting-promocional/.venv/lib/python3.10/site-packages/pyspark/sql/pandas/utils.py', lineno : 37, line : None}
            nodeid: tests/test_data_preprocessing.py::test_data_preprocessing
            when: runtest
            location: None
        finish pytest_warning_recorded --> [] [hook]
        pytest_warning_recorded [hook]
            warning_message: {message : DeprecationWarning('distutils Version classes are deprecated. Use packaging.version instead.'), category : 'DeprecationWarning', filename : '/Users/leticiacolombo/PythonProjects/forecasting-promocional/.venv/lib/python3.10/site-packages/pyspark/sql/pandas/utils.py', lineno : 64, line : None}
            nodeid: tests/test_data_preprocessing.py::test_data_preprocessing
            when: runtest
            location: None
        finish pytest_warning_recorded --> [] [hook]
        pytest_warning_recorded [hook]
            warning_message: {message : DeprecationWarning('distutils Version classes are deprecated. Use packaging.version instead.'), category : 'DeprecationWarning', filename : '/Users/leticiacolombo/PythonProjects/forecasting-promocional/.venv/lib/python3.10/site-packages/pyspark/sql/pandas/utils.py', lineno : 64, line : None}
            nodeid: tests/test_data_preprocessing.py::test_data_preprocessing
            when: runtest
            location: None
        finish pytest_warning_recorded --> [] [hook]
      finish pytest_runtest_protocol --> True [hook]
    finish pytest_runtestloop --> True [hook]
    pytest_sessionfinish [hook]
        session: <Session  exitstatus=<ExitCode.TESTS_FAILED: 1> testsfailed=2 testscollected=2>
        exitstatus: 1
      pytest_terminal_summary [hook]
          terminalreporter: <_pytest.terminal.TerminalReporter object at 0x101299e10>
          exitstatus: 1
          config: <_pytest.config.Config object at 0x1011d89d0>
      early skip of rewriting module: pygments [assertion]
      early skip of rewriting module: pygments.lexers [assertion]
      early skip of rewriting module: pygments.lexers._mapping [assertion]
      early skip of rewriting module: pygments.modeline [assertion]
      early skip of rewriting module: pygments.plugin [assertion]
      early skip of rewriting module: pygments.util [assertion]
      early skip of rewriting module: pygments.lexers.python [assertion]
      early skip of rewriting module: pygments.lexer [assertion]
      early skip of rewriting module: pygments.filter [assertion]
      early skip of rewriting module: pygments.filters [assertion]
      early skip of rewriting module: pygments.token [assertion]
      early skip of rewriting module: pygments.regexopt [assertion]
      early skip of rewriting module: pygments.unistring [assertion]
      early skip of rewriting module: pygments.formatters [assertion]
      early skip of rewriting module: pygments.formatters._mapping [assertion]
      early skip of rewriting module: pygments.formatters.terminal [assertion]
      early skip of rewriting module: pygments.formatter [assertion]
      early skip of rewriting module: pygments.styles [assertion]
      early skip of rewriting module: pygments.styles._mapping [assertion]
      early skip of rewriting module: pygments.console [assertion]
        pytest_report_teststatus [hook]
            report: <TestReport 'tests/test_data_ingestion_test.py::TestLoadDataVentas::test_load_data' when='call' outcome='failed'>
            config: <_pytest.config.Config object at 0x1011d89d0>
        finish pytest_report_teststatus --> ('failed', 'F', 'FAILED') [hook]
        pytest_report_teststatus [hook]
            report: <TestReport 'tests/test_data_preprocessing.py::test_data_preprocessing' when='call' outcome='failed'>
            config: <_pytest.config.Config object at 0x1011d89d0>
        finish pytest_report_teststatus --> ('failed', 'F', 'FAILED') [hook]
      finish pytest_terminal_summary --> [] [hook]
    finish pytest_sessionfinish --> [] [hook]
    pytest_unconfigure [hook]
        config: <_pytest.config.Config object at 0x1011d89d0>
    finish pytest_unconfigure --> [] [hook]
